This is LuaTeX, Version 1.0.4 (TeX Live 2017/Debian)  (format=lualatex 2019.10.2)  24 OCT 2019 17:24
 restricted system commands enabled.
**geneve_1564.tex
(./geneve_1564.tex
LaTeX2e <2017-04-15>
Lua module: luaotfload-main 2017/01/29 2.80001 OpenType layout system.
Lua module: lualibs 2017-02-01 2.5 ConTeXt Lua standard libraries.
Lua module: lualibs-extended 2017-02-01 2.5 ConTeXt Lua libraries -- extended co
llection.(using write cache: /home/danny/.texlive2017/texmf-var/luatex-cache/gen
eric)(using read cache: /var/lib/texmf/luatex-cache/generic /home/danny/.texlive
2017/texmf-var/luatex-cache/generic)
luaotfload | conf : Root cache directory is /home/danny/.texlive2017/texmf-var/l
uatex-cache/generic/names.
luaotfload | init : Loading fontloader “fontloader-2017-02-11.lua” from kpse
-resolved path “/usr/share/texlive/texmf-dist/tex/luatex/luaotfload/fontloader
-2017-02-11.lua”.
Lua-only attribute luaotfload@state = 1
Lua-only attribute luaotfload@noligature = 2
Lua-only attribute luaotfload@syllabe = 3
luaotfload | init : Context OpenType loader version “3.027”
Inserting `luaotfload.node_processor' at position 1 in `pre_linebreak_filter'.
Inserting `luaotfload.node_processor' at position 1 in `hpack_filter'.
Inserting `luaotfload.define_font' at position 1 in `define_font'.
Lua-only attribute luaotfload_color_attribute = 4
luaotfload | conf : Root cache directory is /home/danny/.texlive2017/texmf-var/l
uatex-cache/generic/names.
Inserting `luaotfload.aux.set_sscale_dimens' at position 1 in `luaotfload.patch_
font'.
Inserting `luaotfload.aux.patch_cambria_domh' at position 2 in `luaotfload.patch
_font'.
Inserting `luaotfload.aux.fixup_fontdata' at position 1 in `luaotfload.patch_fon
t_unsafe'.
Inserting `luaotfload.aux.set_capheight' at position 3 in `luaotfload.patch_font
'.
Inserting `luaotfload.rewrite_fontname' at position 4 in `luaotfload.patch_font'
.
luaotfload | main : initialization completed in 0.100 seconds
Babel <3.18> and hyphenation patterns for 1 language(s) loaded.
(/usr/share/texlive/texmf-dist/tex/latex/koma-script/scrbook.cls
Document Class: scrbook 2017/09/07 v3.24 KOMA-Script document class (book)
(/usr/share/texlive/texmf-dist/tex/latex/koma-script/scrkbase.sty
Package: scrkbase 2017/09/07 v3.24 KOMA-Script package (KOMA-Script-dependent ba
sics and keyval usage)

(/usr/share/texlive/texmf-dist/tex/latex/koma-script/scrbase.sty
Package: scrbase 2017/09/07 v3.24 KOMA-Script package (KOMA-Script-independent b
asics and keyval usage)

(/usr/share/texlive/texmf-dist/tex/latex/graphics/keyval.sty
Package: keyval 2014/10/28 v1.15 key=value parser (DPC)
\KV@toks@=\toks14
)
(/usr/share/texlive/texmf-dist/tex/latex/koma-script/scrlfile.sty
Package: scrlfile 2017/09/07 v3.24 KOMA-Script package (loading files)
)))
(/usr/share/texlive/texmf-dist/tex/latex/koma-script/tocbasic.sty
Package: tocbasic 2017/09/07 v3.24 KOMA-Script package (handling toc-files)
\scr@dte@tocline@numberwidth=\skip41
\scr@dte@tocline@numbox=\box26
)
Package tocbasic Info: omitting babel extension for `toc'
(tocbasic)             because of feature `nobabel' available
(tocbasic)             for `toc' on input line 135.
Package tocbasic Info: omitting babel extension for `lof'
(tocbasic)             because of feature `nobabel' available
(tocbasic)             for `lof' on input line 137.
Package tocbasic Info: omitting babel extension for `lot'
(tocbasic)             because of feature `nobabel' available
(tocbasic)             for `lot' on input line 138.
Package tocbasic Info: defining new hook before heading of `' on input line 1623
.
Package scrbook Info: You've used standard option `12pt'.
(scrbook)             This is correct!
(scrbook)             Internally I'm using `fontsize=12pt'.
(scrbook)             If you'd like to set the option with \KOMAoptions,
(scrbook)             you'd have to use `fontsize=12pt' there
(scrbook)             instead of `12pt', too.
Class scrbook Info: File `scrsize12pt.clo' used to setup font sizes on input lin
e 2296.

(/usr/share/texlive/texmf-dist/tex/latex/koma-script/scrsize12pt.clo
File: scrsize12pt.clo 2017/09/07 v3.24 KOMA-Script font size class option (12pt)

luaotfload | db : Font names database loaded from /home/danny/.texlive2017/texmf
-var/luatex-cache/generic/names/luaotfload-names.luc(load luc: /home/danny/.texl
ive2017/texmf-var/luatex-cache/generic/fonts/otl/lmroman12-regular.luc)) (/usr/
share/texlive/texmf-dist/tex/latex/koma-script/typearea.sty
Package: typearea 2017/09/07 v3.24 KOMA-Script package (type area)
\ta@bcor=\skip42
\ta@div=\count79
\ta@hblk=\skip43
\ta@vblk=\skip44
\ta@temp=\skip45
\footheight=\skip46


Package typearea Warning: Maybe no optimal type area settings!
(typearea)                The maximum limit of line width is about 40%
(typearea)                larger than the heuristically detected line width.
(typearea)                You may e.g. increase DIV, decrease fontsize
(typearea)                or change the papersize.

Package typearea Info: These are the values describing the layout:
(typearea)             DIV  = 12
(typearea)             BCOR = 0.0pt
(typearea)             \paperwidth      = 597.50793pt
(typearea)              \textwidth      = 448.13095pt
(typearea)              DIV departure   = 40%
(typearea)              \evensidemargin = 27.31467pt
(typearea)              \oddsidemargin  = -22.47766pt
(typearea)             \paperheight     = 845.04694pt
(typearea)              \textheight     = 606.5pt
(typearea)              \topmargin      = -1.84941pt
(typearea)              \headheight     = 18.125pt
(typearea)              \headsep        = 21.75pt
(typearea)              \topskip        = 12.0pt
(typearea)              \footskip       = 50.75pt
(typearea)              \baselineskip   = 14.5pt
(typearea)              on input line 1686.
)
\c@part=\count80
\c@chapter=\count81
\c@section=\count82
\c@subsection=\count83
\c@subsubsection=\count84
\c@paragraph=\count85
\c@subparagraph=\count86
\scr@dte@part@maxnumwidth=\skip47
\scr@dte@chapter@maxnumwidth=\skip48
\scr@dte@section@maxnumwidth=\skip49
\scr@dte@subsection@maxnumwidth=\skip50
\scr@dte@subsubsection@maxnumwidth=\skip51
\scr@dte@paragraph@maxnumwidth=\skip52
\scr@dte@subparagraph@maxnumwidth=\skip53
LaTeX Info: Redefining \textsubscript on input line 4966.
\abovecaptionskip=\skip54
\belowcaptionskip=\skip55
\c@pti@nb@sid@b@x=\box27
\c@figure=\count87
\c@table=\count88
Class scrbook Info: Redefining `\numberline' on input line 6142.
\bibindent=\dimen102
)
Package typearea Info: These are the values describing the layout:
(typearea)             DIV  = areaset
(typearea)             BCOR = 72.26999pt
(typearea)             \paperwidth      = 597.50793pt
(typearea)              \textwidth      = 361.34999pt
(typearea)              \evensidemargin = 36.98865pt
(typearea)              \oddsidemargin  = 54.62932pt
(typearea)             \paperheight     = 845.04694pt
(typearea)              \textheight     = 756.21999pt
(typearea)              \topmargin      = -55.57768pt
(typearea)              \headheight     = 17.0pt
(typearea)              \headsep        = 21.75pt
(typearea)              \topskip        = 12.0pt
(typearea)              \footskip       = 50.75pt
(typearea)              \baselineskip   = 14.5pt
(typearea)              on input line 6.


Package typearea Warning: page content and margins higher than paper.
(typearea)                This may result in page footer out of paper.
(typearea)                You should decrease DIV, decrease foot height,
(typearea)                or decreate height of text area.

(/usr/share/texlive/texmf-dist/tex/latex/bigfoot/bigfoot.sty
Package: bigfoot 2015/08/30 2.1 makes footnotes work

(/usr/share/texlive/texmf-dist/tex/latex/ncctools/manyfoot.sty
Package: manyfoot 2005/09/11 v1.10 Many Footnote Levels Package (NCC)

(/usr/share/texlive/texmf-dist/tex/latex/ncctools/nccfoots.sty
Package: nccfoots 2005/02/03 v1.2 NCC Footnotes Package (NCC)
)
\MFL@columnwidth=\dimen103
)
(/usr/share/texlive/texmf-dist/tex/latex/bigfoot/suffix.sty
Package: suffix 2006/07/15 1.5a Variant command support
)
(/usr/share/texlive/texmf-dist/tex/latex/bigfoot/perpage.sty
Package: perpage 2014/10/25 2.0 Reset/sort counters per page
\c@abspage=\count89
)
\footnotewidowpenalty=\count90
\footnoteclubpenalty=\count91
\finalfootnotewidowpenalty=\count92
\c@FN@totalid=\count93
\c@pp@a@FN@totalid=\count94
\FN@id=\count95
\FN@master=\marks1
\FN@slave=\marks2
\FN@color=\marks3
\FN@outervsize=\dimen104
\FN@vsize=\skip56
\FN@insertions=\box28
\FN@output=\toks15
\FN@tempbox=\box29
\FN@savebox=\insert199
\FN@topmarkbox=\box30
\FN@outputflag=\count96
\FN@myvsize=\dimen105
\bigfoottolerance=\count97
)
(/usr/share/texlive/texmf-dist/tex/latex/ms/ragged2e.sty
Package: ragged2e 2009/05/21 v2.1 ragged2e Package (MS)

(/usr/share/texlive/texmf-dist/tex/latex/ms/everysel.sty
Package: everysel 2011/10/28 v1.2 EverySelectfont Package (MS)
)
\CenteringLeftskip=\skip57
\RaggedLeftLeftskip=\skip58
\RaggedRightLeftskip=\skip59
\CenteringRightskip=\skip60
\RaggedLeftRightskip=\skip61
\RaggedRightRightskip=\skip62
\CenteringParfillskip=\skip63
\RaggedLeftParfillskip=\skip64
\RaggedRightParfillskip=\skip65
\JustifyingParfillskip=\skip66
\CenteringParindent=\skip67
\RaggedLeftParindent=\skip68
\RaggedRightParindent=\skip69
\JustifyingParindent=\skip70
)
(/usr/share/texlive/texmf-dist/tex/latex/fontspec/fontspec.sty
(/usr/share/texlive/texmf-dist/tex/latex/l3packages/xparse/xparse.sty
(/usr/share/texlive/texmf-dist/tex/latex/l3kernel/expl3.sty
Package: expl3 2018/02/21 L3 programming layer (loader) 

(/usr/share/texlive/texmf-dist/tex/latex/l3kernel/expl3-code.tex
Package: expl3 2018/02/21 L3 programming layer (code)
\ucharcat@table=\catcodetable5
\c_max_int=\count98
\l_tmpa_int=\count99
\l_tmpb_int=\count100
\g_tmpa_int=\count101
\g_tmpb_int=\count102
\g__intarray_font_int=\count103
\g__prg_map_int=\count104
\c_log_iow=\count105
\l_iow_line_count_int=\count106
\l__iow_line_target_int=\count107
\l__iow_one_indent_int=\count108
\l__iow_indent_int=\count109
\c_zero_dim=\dimen106
\c_max_dim=\dimen107
\l_tmpa_dim=\dimen108
\l_tmpb_dim=\dimen109
\g_tmpa_dim=\dimen110
\g_tmpb_dim=\dimen111
\c_zero_skip=\skip71
\c_max_skip=\skip72
\l_tmpa_skip=\skip73
\l_tmpb_skip=\skip74
\g_tmpa_skip=\skip75
\g_tmpb_skip=\skip76
\c_zero_muskip=\muskip10
\c_max_muskip=\muskip11
\l_tmpa_muskip=\muskip12
\l_tmpb_muskip=\muskip13
\g_tmpa_muskip=\muskip14
\g_tmpb_muskip=\muskip15
\l_keys_choice_int=\count110
\c__fp_leading_shift_int=\count111
\c__fp_middle_shift_int=\count112
\c__fp_trailing_shift_int=\count113
\c__fp_big_leading_shift_int=\count114
\c__fp_big_middle_shift_int=\count115
\c__fp_big_trailing_shift_int=\count116
\c__fp_Bigg_leading_shift_int=\count117
\c__fp_Bigg_middle_shift_int=\count118
\c__fp_Bigg_trailing_shift_int=\count119
\c__fp_rand_size_int=\count120
\c__fp_rand_four_int=\count121
\c__fp_rand_eight_int=\count122
\l__sort_length_int=\count123
\l__sort_min_int=\count124
\l__sort_top_int=\count125
\l__sort_max_int=\count126
\l__sort_true_max_int=\count127
\l__sort_block_int=\count128
\l__sort_begin_int=\count129
\l__sort_end_int=\count130
\l__sort_A_int=\count131
\l__sort_B_int=\count132
\l__sort_C_int=\count133
\l__tl_build_start_index_int=\count134
\l__tl_build_index_int=\count135
\l__tl_analysis_normal_int=\count136
\l__tl_analysis_index_int=\count137
\l__tl_analysis_nesting_int=\count138
\l__tl_analysis_type_int=\count139
\l__regex_internal_a_int=\count140
\l__regex_internal_b_int=\count141
\l__regex_internal_c_int=\count142
\l__regex_balance_int=\count143
\l__regex_group_level_int=\count144
\l__regex_mode_int=\count145
\c__regex_cs_in_class_mode_int=\count146
\c__regex_cs_mode_int=\count147
\l__regex_catcodes_int=\count148
\l__regex_default_catcodes_int=\count149
\c__regex_catcode_L_int=\count150
\c__regex_catcode_O_int=\count151
\c__regex_catcode_A_int=\count152
\c__regex_all_catcodes_int=\count153
\l__regex_show_lines_int=\count154
\l__regex_min_state_int=\count155
\l__regex_max_state_int=\count156
\l__regex_left_state_int=\count157
\l__regex_right_state_int=\count158
\l__regex_capturing_group_int=\count159
\l__regex_min_pos_int=\count160
\l__regex_max_pos_int=\count161
\l__regex_curr_pos_int=\count162
\l__regex_start_pos_int=\count163
\l__regex_success_pos_int=\count164
\l__regex_curr_char_int=\count165
\l__regex_curr_catcode_int=\count166
\l__regex_last_char_int=\count167
\l__regex_case_changed_char_int=\count168
\l__regex_curr_state_int=\count169
\l__regex_step_int=\count170
\l__regex_min_active_int=\count171
\l__regex_max_active_int=\count172
\l__regex_replacement_csnames_int=\count173
\l__regex_match_count_int=\count174
\l__regex_min_submatch_int=\count175
\l__regex_submatch_int=\count176
\l__regex_zeroth_submatch_int=\count177
\g__regex_trace_regex_int=\count178
\c_empty_box=\box31
\l_tmpa_box=\box32
\l_tmpb_box=\box33
\g_tmpa_box=\box34
\g_tmpb_box=\box35
\l__box_top_dim=\dimen112
\l__box_bottom_dim=\dimen113
\l__box_left_dim=\dimen114
\l__box_right_dim=\dimen115
\l__box_top_new_dim=\dimen116
\l__box_bottom_new_dim=\dimen117
\l__box_left_new_dim=\dimen118
\l__box_right_new_dim=\dimen119
\l__box_internal_box=\box36
\l__coffin_internal_box=\box37
\l__coffin_internal_dim=\dimen120
\l__coffin_offset_x_dim=\dimen121
\l__coffin_offset_y_dim=\dimen122
\l__coffin_x_dim=\dimen123
\l__coffin_y_dim=\dimen124
\l__coffin_x_prime_dim=\dimen125
\l__coffin_y_prime_dim=\dimen126
\c_empty_coffin=\box38
\l__coffin_aligned_coffin=\box39
\l__coffin_aligned_internal_coffin=\box40
\l_tmpa_coffin=\box41
\l_tmpb_coffin=\box42
\l__coffin_display_coffin=\box43
\l__coffin_display_coord_coffin=\box44
\l__coffin_display_pole_coffin=\box45
\l__coffin_display_offset_dim=\dimen127
\l__coffin_display_x_dim=\dimen128
\l__coffin_display_y_dim=\dimen129
\l__coffin_bounding_shift_dim=\dimen130
\l__coffin_left_corner_dim=\dimen131
\l__coffin_right_corner_dim=\dimen132
\l__coffin_bottom_corner_dim=\dimen133
\l__coffin_top_corner_dim=\dimen134
\l__coffin_scaled_total_height_dim=\dimen135
\l__coffin_scaled_width_dim=\dimen136
)
(/usr/share/texlive/texmf-dist/tex/latex/l3kernel/l3pdfmode.def
File: l3pdfmode.def 2017/03/18 v L3 Experimental driver: PDF mode
\l__driver_color_stack_int=\count179
\l__driver_tmp_box=\box46
))
Package: xparse 2018/02/21 L3 Experimental document command parser
\l__xparse_current_arg_int=\count180
\g__xparse_grabber_int=\count181
\l__xparse_m_args_int=\count182
\l__xparse_mandatory_args_int=\count183
\l__xparse_v_nesting_int=\count184
)
Package: fontspec 2017/11/09 v2.6g Font selection for XeLaTeX and LuaLaTeX
Lua module: fontspec 2017/11/09 2.6g Font selection for XeLaTeX and LuaLaTeX
(/usr/share/texlive/texmf-dist/tex/latex/fontspec/fontspec-luatex.sty
Package: fontspec-luatex 2017/11/09 v2.6g Font selection for XeLaTeX and LuaLaTe
X
\l__fontspec_script_int=\count185
\l__fontspec_language_int=\count186
\l__fontspec_strnum_int=\count187
\l__fontspec_tmp_int=\count188
\l__fontspec_em_int=\count189
\l__fontspec_emdef_int=\count190
\l__fontspec_strong_int=\count191
\l__fontspec_strongdef_int=\count192
\l__fontspec_tmpa_dim=\dimen137
\l__fontspec_tmpb_dim=\dimen138
\l__fontspec_tmpc_dim=\dimen139
\g__file_internal_ior=\read1

(/usr/share/texlive/texmf-dist/tex/latex/base/fontenc.sty
Package: fontenc 2017/04/05 v2.0i Standard LaTeX package

(/usr/share/texlive/texmf-dist/tex/latex/base/tuenc.def
File: tuenc.def 2017/04/05 v2.0i Standard LaTeX file
LaTeX Font Info:    Redeclaring font encoding TU on input line 82.
))
.................................................
. LaTeX info: "xparse/define-command"
. 
. Defining command \fontspec with sig. 'O{}mO{}' on line 545.
.................................................
.................................................
. LaTeX info: "xparse/define-command"
. 
. Defining command \setmainfont with sig. 'O{}mO{}' on line 549.
.................................................
.................................................
. LaTeX info: "xparse/define-command"
. 
. Defining command \setsansfont with sig. 'O{}mO{}' on line 553.
.................................................
.................................................
. LaTeX info: "xparse/define-command"
. 
. Defining command \setmonofont with sig. 'O{}mO{}' on line 557.
.................................................
.................................................
. LaTeX info: "xparse/define-command"
. 
. Defining command \setmathrm with sig. 'O{}mO{}' on line 561.
.................................................
.................................................
. LaTeX info: "xparse/define-command"
. 
. Defining command \setboldmathrm with sig. 'O{}mO{}' on line 565.
.................................................
.................................................
. LaTeX info: "xparse/define-command"
. 
. Defining command \setmathsf with sig. 'O{}mO{}' on line 569.
.................................................
.................................................
. LaTeX info: "xparse/define-command"
. 
. Defining command \setmathtt with sig. 'O{}mO{}' on line 573.
.................................................
.................................................
. LaTeX info: "xparse/define-command"
. 
. Defining command \setromanfont with sig. 'O{}mO{}' on line 577.
.................................................
.................................................
. LaTeX info: "xparse/define-command"
. 
. Defining command \newfontfamily with sig. 'mO{}mO{}' on line 581.
.................................................
.................................................
. LaTeX info: "xparse/define-command"
. 
. Defining command \newfontface with sig. 'mO{}mO{}' on line 585.
.................................................
.................................................
. LaTeX info: "xparse/define-command"
. 
. Defining command \defaultfontfeatures with sig. 't+om' on line 589.
.................................................
.................................................
. LaTeX info: "xparse/define-command"
. 
. Defining command \addfontfeatures with sig. 'm' on line 593.
.................................................
.................................................
. LaTeX info: "xparse/define-command"
. 
. Defining command \addfontfeature with sig. 'm' on line 597.
.................................................
.................................................
. LaTeX info: "xparse/define-command"
. 
. Defining command \newfontfeature with sig. 'mm' on line 601.
.................................................
.................................................
. LaTeX info: "xparse/define-command"
. 
. Defining command \newAATfeature with sig. 'mmmm' on line 605.
.................................................
.................................................
. LaTeX info: "xparse/define-command"
. 
. Defining command \newopentypefeature with sig. 'mmm' on line 609.
.................................................
.................................................
. LaTeX info: "xparse/define-command"
. 
. Defining command \newICUfeature with sig. 'mmm' on line 613.
.................................................
.................................................
. LaTeX info: "xparse/define-command"
. 
. Defining command \aliasfontfeature with sig. 'mm' on line 617.
.................................................
.................................................
. LaTeX info: "xparse/define-command"
. 
. Defining command \aliasfontfeatureoption with sig. 'mmm' on line 621.
.................................................
.................................................
. LaTeX info: "xparse/define-command"
. 
. Defining command \newfontscript with sig. 'mm' on line 625.
.................................................
.................................................
. LaTeX info: "xparse/define-command"
. 
. Defining command \newfontlanguage with sig. 'mm' on line 629.
.................................................
.................................................
. LaTeX info: "xparse/define-command"
. 
. Defining command \DeclareFontsExtensions with sig. 'm' on line 633.
.................................................
.................................................
. LaTeX info: "xparse/define-command"
. 
. Defining command \IfFontFeatureActiveTF with sig. 'mmm' on line 637.
.................................................
.................................................
. LaTeX info: "xparse/define-command"
. 
. Defining command \EncodingCommand with sig. 'mO{}m' on line 3366.
.................................................
.................................................
. LaTeX info: "xparse/define-command"
. 
. Defining command \EncodingAccent with sig. 'mm' on line 3372.
.................................................
.................................................
. LaTeX info: "xparse/define-command"
. 
. Defining command \EncodingSymbol with sig. 'mm' on line 3378.
.................................................
.................................................
. LaTeX info: "xparse/define-command"
. 
. Defining command \EncodingComposite with sig. 'mmm' on line 3384.
.................................................
.................................................
. LaTeX info: "xparse/define-command"
. 
. Defining command \EncodingCompositeCommand with sig. 'mmm' on line 3390.
.................................................
.................................................
. LaTeX info: "xparse/define-command"
. 
. Defining command \DeclareUnicodeEncoding with sig. 'mm' on line 3415.
.................................................
.................................................
. LaTeX info: "xparse/define-command"
. 
. Defining command \UndeclareSymbol with sig. 'm' on line 3421.
.................................................
.................................................
. LaTeX info: "xparse/define-command"
. 
. Defining command \UndeclareAccent with sig. 'm' on line 3427.
.................................................
.................................................
. LaTeX info: "xparse/define-command"
. 
. Defining command \UndeclareCommand with sig. 'm' on line 3433.
.................................................
.................................................
. LaTeX info: "xparse/define-command"
. 
. Defining command \UndeclareComposite with sig. 'mm' on line 3440.
.................................................

(/usr/share/texlive/texmf-dist/tex/latex/fontspec/fontspec.cfg)
LaTeX Info: Redefining \itshape on input line 3625.
LaTeX Info: Redefining \slshape on input line 3630.
LaTeX Info: Redefining \scshape on input line 3635.
LaTeX Info: Redefining \upshape on input line 3640.
LaTeX Info: Redefining \em on input line 3670.
LaTeX Info: Redefining \emph on input line 3695.
(load luc: /home/danny/.texlive2017/texmf-var/luatex-cache/generic/fonts/otl/lmr
oman12-bold.luc)(load luc: /home/danny/.texlive2017/texmf-var/luatex-cache/gener
ic/fonts/otl/lmroman12-italic.luc)
LaTeX Info: Redefining \- on input line 3749.
.................................................
. LaTeX info: "xparse/redefine-command"
. 
. Redefining command \oldstylenums with sig. 'm' on line 3844.
.................................................
.................................................
. LaTeX info: "xparse/define-command"
. 
. Defining command \liningnums with sig. 'm' on line 3848.
.................................................
))
luaotfload | cache : Lookup cache loaded from /home/danny/.texlive2017/texmf-var
/luatex-cache/generic/names/luaotfload-lookup-cache.luc.(load luc: /home/danny/.
texlive2017/texmf-var/luatex-cache/generic/fonts/otl/ebgaramond12-regular.luc)
\g__fontspec_family_EBGaramond_int=\count193
.................................................
. fontspec info: "no-font-shape"
. 
. Could not resolve font "EBGaramond/BI" (it probably doesn't exist).
.................................................
.................................................
. fontspec info: "no-font-shape"
. 
. Could not resolve font "EBGaramond/B" (it probably doesn't exist).
.................................................
(load luc: /home/danny/.texlive2017/texmf-var/luatex-cache/generic/fonts/otl/ebg
aramond12-italic.luc)
.................................................
. fontspec info: "defining-font"
. 
. Font family 'EBGaramond(0)' created for font 'EB Garamond' with options
. [Ligatures=Historic,Contextuals=Alternate,Numbers=OldStyle,RawFeature={+ss02,+
cv01,+dlig},Ligatures=TeX,RawFeature={+ss02,+cv01,+ss05,+dlig},ItalicFeatures={R
awFeature=+cv04,CharacterVariant=5:2}].
.  
.  This font family consists of the following NFSS series/shapes:
.  
. - 'normal' (m/n) with NFSS spec.:
. <->"EBGaramond:mode=node;script=latn;language=DFLT;+hlig;+calt;+onum;+ss02,+cv
01,+dlig;+tlig;+ss02,+cv01,+ss05,+dlig;"
. - 'small caps'  (m/sc) with NFSS spec.:
. <->"EBGaramond:mode=node;script=latn;language=DFLT;+hlig;+calt;+onum;+ss02,+cv
01,+dlig;+tlig;+ss02,+cv01,+ss05,+dlig;+smcp;"
. - 'italic' (m/it) with NFSS spec.:
. <->"EBGaramond/I:mode=node;script=latn;language=DFLT;+hlig;+calt;+onum;+ss02,+
cv01,+dlig;+tlig;+ss02,+cv01,+ss05,+dlig;+cv04;+cv05=2;"
. - 'italic small caps'  (m/itsc) with NFSS spec.:
. <->"EBGaramond/I:mode=node;script=latn;language=DFLT;+hlig;+calt;+onum;+ss02,+
cv01,+dlig;+tlig;+ss02,+cv01,+ss05,+dlig;+cv04;+cv05=2;+smcp;"
.................................................
LaTeX Info: Redefining \rmfamily on input line 14.
.................................................
. fontspec info: "no-font-shape"
. 
. Could not resolve font "EBGaramond/BI" (it probably doesn't exist).
.................................................
.................................................
. fontspec info: "no-font-shape"
. 
. Could not resolve font "EBGaramond/B" (it probably doesn't exist).
.................................................
.................................................
. fontspec info: "defining-font"
. 
. Font family 'EBGaramond(1)' created for font 'EB Garamond' with options
. [Ligatures=Historic,Contextuals=Alternate,Numbers=OldStyle,RawFeature={+ss02,+
cv01,+dlig},RawFeature={-ss02},LetterSpace=40,WordSpace=6].
.  
.  This font family consists of the following NFSS series/shapes:
.  
. - 'normal' (m/n) with NFSS spec.:
. <->"EBGaramond:mode=node;script=latn;language=DFLT;letterspace=40;+hlig;+calt;
+onum;+ss02,+cv01,+dlig;-ss02;"
. - 'small caps'  (m/sc) with NFSS spec.:
. <->"EBGaramond:mode=node;script=latn;language=DFLT;letterspace=40;+hlig;+calt;
+onum;+ss02,+cv01,+dlig;-ss02;+smcp;"
. and font adjustment code:
. \fontdimen 2\font =6\fontdimen 2\font \fontdimen 3\font =6\fontdimen 3\font
. \fontdimen 4\font =6\fontdimen 4\font 
. - 'italic' (m/it) with NFSS spec.:
. <->"EBGaramond/I:mode=node;script=latn;language=DFLT;letterspace=40;+hlig;+cal
t;+onum;+ss02,+cv01,+dlig;-ss02;"
. - 'italic small caps'  (m/itsc) with NFSS spec.:
. <->"EBGaramond/I:mode=node;script=latn;language=DFLT;letterspace=40;+hlig;+cal
t;+onum;+ss02,+cv01,+dlig;-ss02;+smcp;"
. and font adjustment code:
. \fontdimen 2\font =6\fontdimen 2\font \fontdimen 3\font =6\fontdimen 3\font
. \fontdimen 4\font =6\fontdimen 4\font 
.................................................
.................................................
. fontspec info: "no-font-shape"
. 
. Could not resolve font "EBGaramond/BI" (it probably doesn't exist).
.................................................
.................................................
. fontspec info: "no-font-shape"
. 
. Could not resolve font "EBGaramond/B" (it probably doesn't exist).
.................................................
.................................................
. fontspec info: "defining-font"
. 
. Font family 'EBGaramond(2)' created for font 'EB Garamond' with options
. [Ligatures=Historic,Contextuals=Alternate,Numbers=OldStyle,RawFeature={+ss02,+
cv01,+dlig},RawFeature={-ss02},LetterSpace=20,WordSpace=3].
.  
.  This font family consists of the following NFSS series/shapes:
.  
. - 'normal' (m/n) with NFSS spec.:
. <->"EBGaramond:mode=node;script=latn;language=DFLT;letterspace=20;+hlig;+calt;
+onum;+ss02,+cv01,+dlig;-ss02;"
. - 'small caps'  (m/sc) with NFSS spec.:
. <->"EBGaramond:mode=node;script=latn;language=DFLT;letterspace=20;+hlig;+calt;
+onum;+ss02,+cv01,+dlig;-ss02;+smcp;"
. and font adjustment code:
. \fontdimen 2\font =3\fontdimen 2\font \fontdimen 3\font =3\fontdimen 3\font
. \fontdimen 4\font =3\fontdimen 4\font 
. - 'italic' (m/it) with NFSS spec.:
. <->"EBGaramond/I:mode=node;script=latn;language=DFLT;letterspace=20;+hlig;+cal
t;+onum;+ss02,+cv01,+dlig;-ss02;"
. - 'italic small caps'  (m/itsc) with NFSS spec.:
. <->"EBGaramond/I:mode=node;script=latn;language=DFLT;letterspace=20;+hlig;+cal
t;+onum;+ss02,+cv01,+dlig;-ss02;+smcp;"
. and font adjustment code:
. \fontdimen 2\font =3\fontdimen 2\font \fontdimen 3\font =3\fontdimen 3\font
. \fontdimen 4\font =3\fontdimen 4\font 
.................................................
(load luc: /home/danny/.texlive2017/texmf-var/luatex-cache/generic/fonts/otl/ebg
aramond-initials.luc)
luaotfload | aux : font no 29 (nil) defines no feature for script latn
luaotfload | aux : no font with id 29
.................................................
. fontspec info: "no-scripts"
. 
. Font "EBGaramondInitials" does not contain any OpenType `Script'
. information.
.................................................
luaotfload | aux : font no 29 (nil) does not define feature hlig for script  wit
h language 
luaotfload | aux : no font with id 29
*************************************************
* fontspec warning: "icu-feature-not-exist-in-font"
* 
* OpenType feature 'Ligatures=Historic' (hlig) not available for font
* 'EBGaramondInitials' with script '' and language ''.
*************************************************
luaotfload | aux : font no 29 (nil) does not define feature calt for script  wit
h language 
luaotfload | aux : no font with id 29
*************************************************
* fontspec warning: "icu-feature-not-exist-in-font"
* 
* OpenType feature 'Contextuals=Alternate' (calt) not available for font
* 'EBGaramondInitials' with script '' and language ''.
*************************************************
luaotfload | aux : font no 29 (nil) does not define feature onum for script  wit
h language 
luaotfload | aux : no font with id 29
*************************************************
* fontspec warning: "icu-feature-not-exist-in-font"
* 
* OpenType feature 'Numbers=Lowercase' (onum) not available for font
* 'EBGaramondInitials' with script '' and language ''.
*************************************************
\g__fontspec_family_EBGaramondInitials_int=\count194
.................................................
. fontspec info: "no-font-shape"
. 
. Could not resolve font "EBGaramondInitials/BI" (it probably doesn't exist).
.................................................
.................................................
. fontspec info: "no-font-shape"
. 
. Could not resolve font "EBGaramondInitials/B" (it probably doesn't exist).
.................................................
.................................................
. fontspec info: "no-font-shape"
. 
. Could not resolve font "EBGaramondInitials/I" (it probably doesn't exist).
.................................................
luaotfload | aux : font no 29 (nil) does not define feature hlig for script  wit
h language 
luaotfload | aux : no font with id 29
*************************************************
* fontspec warning: "icu-feature-not-exist-in-font"
* 
* OpenType feature 'Ligatures=Historic' (hlig) not available for font
* 'EBGaramondInitials' with script '' and language ''.
*************************************************
luaotfload | aux : font no 29 (nil) does not define feature calt for script  wit
h language 
luaotfload | aux : no font with id 29
*************************************************
* fontspec warning: "icu-feature-not-exist-in-font"
* 
* OpenType feature 'Contextuals=Alternate' (calt) not available for font
* 'EBGaramondInitials' with script '' and language ''.
*************************************************
luaotfload | aux : font no 29 (nil) does not define feature onum for script  wit
h language 
luaotfload | aux : no font with id 29
*************************************************
* fontspec warning: "icu-feature-not-exist-in-font"
* 
* OpenType feature 'Numbers=Lowercase' (onum) not available for font
* 'EBGaramondInitials' with script '' and language ''.
*************************************************
luaotfload | aux : font no 29 (nil) does not define feature smcp for script  wit
h language 
luaotfload | aux : no font with id 29
.................................................
. fontspec info: "defining-font"
. 
. Font family 'EBGaramondInitials(0)' created for font 'EB Garamond Initials'
. with options
. [Ligatures=Historic,Contextuals=Alternate,Numbers=OldStyle,RawFeature={+ss02,+
cv01,+dlig}].
.  
.  This font family consists of the following NFSS series/shapes:
.  
. - 'normal' (m/n) with NFSS spec.:
. <->"EBGaramondInitials:mode=node;+ss02,+cv01,+dlig;"
. - 'small caps'  (m/sc) with NFSS spec.: 
.................................................
.................................................
. fontspec info: "no-font-shape"
. 
. Could not resolve font "EBGaramond/BI" (it probably doesn't exist).
.................................................
.................................................
. fontspec info: "no-font-shape"
. 
. Could not resolve font "EBGaramond/B" (it probably doesn't exist).
.................................................
.................................................
. fontspec info: "defining-font"
. 
. Font family 'EBGaramond(3)' created for font 'EB Garamond' with options
. [Ligatures=Historic,Contextuals=Alternate,Numbers=OldStyle,RawFeature={+ss02,+
cv01,+dlig}].
.  
.  This font family consists of the following NFSS series/shapes:
.  
. - 'normal' (m/n) with NFSS spec.:
. <->"EBGaramond:mode=node;script=latn;language=DFLT;+hlig;+calt;+onum;+ss02,+cv
01,+dlig;"
. - 'small caps'  (m/sc) with NFSS spec.:
. <->"EBGaramond:mode=node;script=latn;language=DFLT;+hlig;+calt;+onum;+ss02,+cv
01,+dlig;+smcp;"
. - 'italic' (m/it) with NFSS spec.:
. <->"EBGaramond/I:mode=node;script=latn;language=DFLT;+hlig;+calt;+onum;+ss02,+
cv01,+dlig;"
. - 'italic small caps'  (m/itsc) with NFSS spec.:
. <->"EBGaramond/I:mode=node;script=latn;language=DFLT;+hlig;+calt;+onum;+ss02,+
cv01,+dlig;+smcp;"
.................................................
(/usr/share/texlive/texmf-dist/tex/latex/graphics/graphicx.sty
Package: graphicx 2017/06/01 v1.1a Enhanced LaTeX Graphics (DPC,SPQR)

(/usr/share/texlive/texmf-dist/tex/latex/graphics/graphics.sty
Package: graphics 2017/06/25 v1.2c Standard LaTeX Graphics (DPC,SPQR)

(/usr/share/texlive/texmf-dist/tex/latex/graphics/trig.sty
Package: trig 2016/01/03 v1.10 sin cos tan (DPC)
)
(/usr/share/texlive/texmf-dist/tex/latex/graphics-cfg/graphics.cfg
File: graphics.cfg 2016/06/04 v1.11 sample graphics configuration
)
Package graphics Info: Driver file: luatex.def on input line 99.

(/usr/share/texlive/texmf-dist/tex/latex/graphics-def/luatex.def
File: luatex.def 2018/01/08 v1.0l Graphics/color driver for luatex
))
\Gin@req@height=\dimen140
\Gin@req@width=\dimen141
)
(/usr/share/texlive/texmf-dist/tex/latex/lettrine/lettrine.sty
File: lettrine.sty 2015/08/31 v1.9 (Daniel Flipo)
\c@DefaultLines=\count195
\c@DefaultDepth=\count196
\DefaultFindent=\dimen142
\DefaultNindent=\dimen143
\DefaultSlope=\dimen144
\DiscardVskip=\dimen145
\L@lbox=\box47
\L@tbox=\box48
\c@L@lines=\count197
\c@L@depth=\count198
\L@Pindent=\dimen146
\L@Findent=\dimen147
\L@Nindent=\dimen148
\L@lraise=\dimen149
\L@first=\dimen150
\L@next=\dimen151
\L@slope=\dimen152
\L@height=\dimen153
\L@novskip=\dimen154
\LettrineWidth=\dimen155
\LettrineHeight=\dimen156
\LettrineDepth=\dimen157

Loading lettrine.cfg
(./lettrine.cfg))
(/usr/share/texlive/texmf-dist/tex/latex/bibleref-french/bibleref-french.sty
Package: bibleref-french 2012/02/26 v2.3 French translation of the bibleref pack
age

(/usr/share/texlive/texmf-dist/tex/latex/bibleref/bibleref.sty
Package: bibleref 2017/06/30 1.17 (NLCT and MR)

(/usr/share/texlive/texmf-dist/tex/latex/base/ifthen.sty
Package: ifthen 2014/09/29 v1.1c Standard LaTeX ifthen package (DPC)
)
(/usr/share/texlive/texmf-dist/tex/latex/fmtcount/fmtcount.sty
Package: fmtcount 2017/12/24 v3.05

(/usr/share/texlive/texmf-dist/tex/latex/xkeyval/xkeyval.sty
Package: xkeyval 2014/12/03 v2.7a package option processing (HA)

(/usr/share/texlive/texmf-dist/tex/generic/xkeyval/xkeyval.tex
(/usr/share/texlive/texmf-dist/tex/generic/xkeyval/xkvutils.tex
\XKV@toks=\toks16
\XKV@tempa@toks=\toks17
)
\XKV@depth=\count266
File: xkeyval.tex 2014/12/03 v2.7a key=value parser (HA)
))
(/usr/share/texlive/texmf-dist/tex/latex/etoolbox/etoolbox.sty
Package: etoolbox 2018/02/11 v2.5e e-TeX tools for LaTeX (JAW)
\etb@tempcnta=\count267
)
(/usr/share/texlive/texmf-dist/tex/latex/fmtcount/fcprefix.sty
Package: fcprefix 2012/09/28

(/usr/share/texlive/texmf-dist/tex/latex/fmtcount/fcnumparser.sty
Package: fcnumparser 2017/06/15
\fc@digit@counter=\count268
))
(/usr/share/texlive/texmf-dist/tex/latex/amsmath/amsgen.sty
File: amsgen.sty 1999/11/30 v2.0 generic functions
\@emptytoks=\toks18
\ex@=\dimen158
)
\c@padzeroesN=\count269
\fc@tmpcatcode=\count270
\@DT@modctr=\count271
\@ordinalctr=\count272
\@orgargctr=\count273
\@strctr=\count274
\@tmpstrctr=\count275
\@DT@loopN=\count276
\@DT@X=\count277
)
\@bv@tmpa=\toks19
\@bv@tmpb=\toks20
))
(/usr/share/texlive/texmf-dist/tex/latex/setspace/setspace.sty
Package: setspace 2011/12/19 v6.7a set line spacing
)
(/usr/share/texlive/texmf-dist/tex/generic/oberdiek/alphalph.sty
Package: alphalph 2016/05/16 v2.5 Convert numbers to letters (HO)

(/usr/share/texlive/texmf-dist/tex/generic/oberdiek/infwarerr.sty
Package: infwarerr 2016/05/16 v1.4 Providing info/warning/error messages (HO)
)
(/usr/share/texlive/texmf-dist/tex/generic/oberdiek/intcalc.sty
Package: intcalc 2016/05/16 v1.2 Expandable calculations with integers (HO)
))
\footinsmain=\insert252
\c@footnotemain=\count278
\footinschapter=\insert251
\c@footnotechapter=\count279
\footinsverse=\insert250
\c@footnoteverse=\count280
\c@verse=\count281


Class scrbook Warning: Usage of package `titlesec' together
(scrbook)              with a KOMA-Script class is not recommended.
(scrbook)              I'd suggest to use the package only
(scrbook)              if you really need it, because it breaks several
(scrbook)              KOMA-Script features, i.e., option `headings' and
(scrbook)              the extended optional argument of the section
(scrbook)              commands.
(scrbook)              Nevertheless, using requested
(scrbook)              package `titlesec' on input line 106.

(/usr/share/texlive/texmf-dist/tex/latex/titlesec/titlesec.sty
Package: titlesec 2016/03/21 v2.10.2 Sectioning titles
\ttl@box=\box49
\beforetitleunit=\skip77
\aftertitleunit=\skip78
\ttl@plus=\dimen159
\ttl@minus=\dimen160
\ttl@toksa=\toks21
\titlewidth=\dimen161
\titlewidthlast=\dimen162
\titlewidthfirst=\dimen163


Package titlesec Warning: Non standard sectioning command detected
(titlesec)                Using default spacing and no format.


Package titlesec Warning: Non standard sectioning command detected
(titlesec)                Using default spacing and no format.


Package titlesec Warning: Non standard sectioning command detected
(titlesec)                Using default spacing and no format.


Package titlesec Warning: Non standard sectioning command detected
(titlesec)                Using default spacing and no format.


Package titlesec Warning: Non standard sectioning command detected
(titlesec)                Using default spacing and no format.

)

Class scrbook Warning: Activating an ugly workaround for a missing
(scrbook)              feature of package `titlesec` on input line 106.

(/usr/share/texlive/texmf-dist/tex/latex/fourier/fourier-orns.sty
Package: fourier-orns 2004/01/30 1.1 fourier-ornaments package
)
(/usr/share/texlive/texmf-dist/tex/latex/koma-script/scrpage2.sty
Package: scrpage2 2017/09/07 v3.24 KOMA-Script package (page head and foot)


Package scrpage2 Warning: usage of obsolete package!
(scrpage2)                Package `scrpage2' is obsolete.
(scrpage2)                You should not longer use package `scrpage2'.
(scrpage2)                You should replace usage of package `scrpage2'
(scrpage2)                by `scrlayer-scrpage' on input line 52.

LaTeX Info: Redefining \pagemark on input line 180.
) (./geneve_1564.aux)
\openout1 = geneve_1564.aux

LaTeX Font Info:    Checking defaults for OML/cmm/m/it on input line 160.
LaTeX Font Info:    ... okay on input line 160.
LaTeX Font Info:    Checking defaults for T1/cmr/m/n on input line 160.
LaTeX Font Info:    ... okay on input line 160.
LaTeX Font Info:    Checking defaults for OT1/cmr/m/n on input line 160.
LaTeX Font Info:    ... okay on input line 160.
LaTeX Font Info:    Checking defaults for OMS/cmsy/m/n on input line 160.
LaTeX Font Info:    ... okay on input line 160.
LaTeX Font Info:    Checking defaults for TU/lmr/m/n on input line 160.
LaTeX Font Info:    ... okay on input line 160.
LaTeX Font Info:    Checking defaults for OMX/cmex/m/n on input line 160.
LaTeX Font Info:    ... okay on input line 160.
LaTeX Font Info:    Checking defaults for U/cmr/m/n on input line 160.
LaTeX Font Info:    ... okay on input line 160.
\FN@cache252=\box50
\FN@cache251=\box51
\FN@cache250=\box52
\footinsdefault=\insert249
\FN@cache249=\box53
 ABD: EverySelectfont initializing macros
LaTeX Info: Redefining \selectfont on input line 160.
.................................................
. fontspec info: "setup-math"
. 
. Adjusting the maths setup (use [no-math] to avoid this).
.................................................
\symlegacymaths=\mathgroup4
LaTeX Font Info:    Overwriting symbol font `legacymaths' in version `bold'
(Font)                  OT1/cmr/m/n --> OT1/cmr/bx/n on input line 160.
LaTeX Font Info:    Redeclaring math accent \acute on input line 160.
LaTeX Font Info:    Redeclaring math accent \grave on input line 160.
LaTeX Font Info:    Redeclaring math accent \ddot on input line 160.
LaTeX Font Info:    Redeclaring math accent \tilde on input line 160.
LaTeX Font Info:    Redeclaring math accent \bar on input line 160.
LaTeX Font Info:    Redeclaring math accent \breve on input line 160.
LaTeX Font Info:    Redeclaring math accent \check on input line 160.
LaTeX Font Info:    Redeclaring math accent \hat on input line 160.
LaTeX Font Info:    Redeclaring math accent \dot on input line 160.
LaTeX Font Info:    Redeclaring math accent \mathring on input line 160.
LaTeX Font Info:    Redeclaring math symbol \colon on input line 160.
LaTeX Font Info:    Redeclaring math symbol \Gamma on input line 160.
LaTeX Font Info:    Redeclaring math symbol \Delta on input line 160.
LaTeX Font Info:    Redeclaring math symbol \Theta on input line 160.
LaTeX Font Info:    Redeclaring math symbol \Lambda on input line 160.
LaTeX Font Info:    Redeclaring math symbol \Xi on input line 160.
LaTeX Font Info:    Redeclaring math symbol \Pi on input line 160.
LaTeX Font Info:    Redeclaring math symbol \Sigma on input line 160.
LaTeX Font Info:    Redeclaring math symbol \Upsilon on input line 160.
LaTeX Font Info:    Redeclaring math symbol \Phi on input line 160.
LaTeX Font Info:    Redeclaring math symbol \Psi on input line 160.
LaTeX Font Info:    Redeclaring math symbol \Omega on input line 160.
LaTeX Font Info:    Redeclaring math symbol \mathdollar on input line 160.
LaTeX Font Info:    Redeclaring symbol font `operators' on input line 160.
LaTeX Font Info:    Encoding `OT1' has changed to `TU' for symbol font
(Font)              `operators' in the math version `normal' on input line 160.
LaTeX Font Info:    Overwriting symbol font `operators' in version `normal'
(Font)                  OT1/cmr/m/n --> TU/EBGaramond(0)/m/n on input line 160.
LaTeX Font Info:    Encoding `OT1' has changed to `TU' for symbol font
(Font)              `operators' in the math version `bold' on input line 160.
LaTeX Font Info:    Overwriting symbol font `operators' in version `bold'
(Font)                  OT1/cmr/bx/n --> TU/EBGaramond(0)/m/n on input line 160.

LaTeX Font Info:    Overwriting symbol font `operators' in version `normal'
(Font)                  TU/EBGaramond(0)/m/n --> TU/EBGaramond(0)/m/n on input l
ine 160.
LaTeX Font Info:    Overwriting math alphabet `\mathit' in version `normal'
(Font)                  OT1/cmr/m/it --> TU/EBGaramond(0)/m/it on input line 160
.
LaTeX Font Info:    Overwriting math alphabet `\mathbf' in version `normal'
(Font)                  OT1/cmr/bx/n --> TU/EBGaramond(0)/bx/n on input line 160
.
LaTeX Font Info:    Overwriting math alphabet `\mathsf' in version `normal'
(Font)                  OT1/cmss/m/n --> TU/lmss/m/n on input line 160.
LaTeX Font Info:    Overwriting math alphabet `\mathtt' in version `normal'
(Font)                  OT1/cmtt/m/n --> TU/lmtt/m/n on input line 160.
LaTeX Font Info:    Overwriting symbol font `operators' in version `bold'
(Font)                  TU/EBGaramond(0)/m/n --> TU/EBGaramond(0)/bx/n on input 
line 160.
LaTeX Font Info:    Overwriting math alphabet `\mathit' in version `bold'
(Font)                  OT1/cmr/bx/it --> TU/EBGaramond(0)/bx/it on input line 1
60.
LaTeX Font Info:    Overwriting math alphabet `\mathsf' in version `bold'
(Font)                  OT1/cmss/bx/n --> TU/lmss/bx/n on input line 160.
LaTeX Font Info:    Overwriting math alphabet `\mathtt' in version `bold'
(Font)                  OT1/cmtt/m/n --> TU/lmtt/bx/n on input line 160.

(/usr/share/texlive/texmf-dist/tex/context/base/mkii/supp-pdf.mkii
[Loading MPS to PDF converter (version 2006.09.02).]
\scratchcounter=\count282
\scratchdimen=\dimen164
\scratchbox=\box54
\nofMPsegments=\count283
\nofMParguments=\count284
\everyMPshowfont=\toks22
\MPscratchCnt=\count285
\MPscratchDim=\dimen165
\MPnumerator=\count286
\makeMPintoPDFobject=\count287
\everyMPtoPDFconversion=\toks23
) (/usr/share/texlive/texmf-dist/tex/latex/oberdiek/epstopdf-base.sty
Package: epstopdf-base 2016/05/15 v2.6 Base part for package epstopdf

(/usr/share/texlive/texmf-dist/tex/latex/oberdiek/grfext.sty
Package: grfext 2016/05/16 v1.2 Manage graphics extensions (HO)

(/usr/share/texlive/texmf-dist/tex/generic/oberdiek/kvdefinekeys.sty
Package: kvdefinekeys 2016/05/16 v1.4 Define keys (HO)

(/usr/share/texlive/texmf-dist/tex/generic/oberdiek/ltxcmds.sty
Package: ltxcmds 2016/05/16 v1.23 LaTeX kernel commands for general use (HO)
)))
(/usr/share/texlive/texmf-dist/tex/latex/oberdiek/kvoptions.sty
Package: kvoptions 2016/05/16 v3.12 Key value format for package options (HO)

(/usr/share/texlive/texmf-dist/tex/generic/oberdiek/kvsetkeys.sty
Package: kvsetkeys 2016/05/16 v1.17 Key value parser (HO)

(/usr/share/texlive/texmf-dist/tex/generic/oberdiek/etexcmds.sty
Package: etexcmds 2016/05/16 v1.6 Avoid name clashes with e-TeX commands (HO)

(/usr/share/texlive/texmf-dist/tex/generic/oberdiek/ifluatex.sty
Package: ifluatex 2016/05/16 v1.4 Provides the ifluatex switch (HO)
Package ifluatex Info: LuaTeX detected.
))))
(/usr/share/texlive/texmf-dist/tex/generic/oberdiek/pdftexcmds.sty
Package: pdftexcmds 2018/01/21 v0.26 Utility functions of pdfTeX for LuaTeX (HO)


(/usr/share/texlive/texmf-dist/tex/generic/oberdiek/ifpdf.sty
Package: ifpdf 2017/03/15 v3.2 Provides the ifpdf switch
)
Package pdftexcmds Info: \pdf@primitive is available.
Package pdftexcmds Info: \pdf@ifprimitive is available.
Package pdftexcmds Info: \pdfdraftmode found.
\pdftexcmds@toks=\toks24
)
Package epstopdf-base Info: Redefining graphics rule for `.eps' on input line 43
8.
Package grfext Info: Graphics extension search list:
(grfext)             [.pdf,.png,.jpg,.mps,.jpeg,.jbig2,.jb2,.PDF,.PNG,.JPG,.JPEG
,.JBIG2,.JB2,.eps]
(grfext)             \AppendGraphicsExtensions on input line 456.

(/usr/share/texlive/texmf-dist/tex/latex/latexconfig/epstopdf-sys.cfg
File: epstopdf-sys.cfg 2010/07/13 v1.3 Configuration of (r)epstopdf for TeX Live

))
(/usr/share/texlive/texmf-dist/tex/latex/fmtcount/fc-english.def
File: fc-english.def 2016/01/12
)
(./livres/genese.tex (./livres/genese/intro.tex
<images/genese_heading.pdf, id=1, 1101.97696pt x 243.88113pt>
File: images/genese_heading.pdf Graphic file (type pdf)
<use images/genese_heading.pdf>
Package luatex.def Info: images/genese_heading.pdf  used on input line 32.
(luatex.def)             Requested size: 433.62pt x 95.96544pt.

chapter 1.
Inserting `luaotfload.letterspace' at position 2 in `pre_linebreak_filter'.
Inserting `luaotfload.letterspace' at position 2 in `hpack_filter'.(load luc: /h
ome/danny/.texlive2017/texmf-var/luatex-cache/generic/fonts/otl/ebgaramond08-ita
lic.luc)(load luc: /home/danny/.texlive2017/texmf-var/luatex-cache/generic/fonts
/otl/ebgaramond08-regular.luc)
LaTeX Font Info:    External font `cmex10' loaded for size
(Font)              <12> on input line 32.
LaTeX Font Info:    External font `cmex10' loaded for size
(Font)              <8> on input line 32.
LaTeX Font Info:    External font `cmex10' loaded for size
(Font)              <6> on input line 32.
) (./livres/genese/chapitre1.tex
LaTeX Font Info:    External font `cmex10' loaded for size
(Font)              <5> on input line 4.
.................................................
. fontspec info: "defining-font"
. 
. Font family 'EBGaramond(4)' created for font 'EB Garamond' with options
. [Ligatures=Historic,Contextuals=Alternate,Numbers=OldStyle,RawFeature={+ss02,+
cv01,+dlig},Ligatures=TeX,RawFeature={+ss02,+cv01,+ss05,+dlig},ItalicFeatures={R
awFeature=+cv04,CharacterVariant=5:2},RawFeature=+swsh].
.  
.  This font family consists of the following NFSS series/shapes:
.  
. - 'normal' (m/n) with NFSS spec.:
. <->"EBGaramond:mode=node;script=latn;language=DFLT;+hlig;+calt;+onum;+ss02,+cv
01,+dlig;+tlig;+ss02,+cv01,+ss05,+dlig;+swsh;"
. - 'small caps'  (m/sc) with NFSS spec.:
. <->"EBGaramond:mode=node;script=latn;language=DFLT;+hlig;+calt;+onum;+ss02,+cv
01,+dlig;+tlig;+ss02,+cv01,+ss05,+dlig;+swsh;+smcp;"
. - 'bold' (bx/n) with NFSS spec.:
. <->"EBGaramond/B:mode=node;script=latn;language=DFLT;+hlig;+calt;+onum;+ss02,+
cv01,+dlig;+tlig;+ss02,+cv01,+ss05,+dlig;+swsh;"
. - 'bold small caps'  (bx/sc) with NFSS spec.:
. <->"EBGaramond/B:mode=node;script=latn;language=DFLT;+hlig;+calt;+onum;+ss02,+
cv01,+dlig;+tlig;+ss02,+cv01,+ss05,+dlig;+swsh;+smcp;"
. - 'italic' (m/it) with NFSS spec.:
. <->"EBGaramond/I:mode=node;script=latn;language=DFLT;+hlig;+calt;+onum;+ss02,+
cv01,+dlig;+tlig;+ss02,+cv01,+ss05,+dlig;+swsh;+cv04;+cv05=2;"
. - 'italic small caps'  (m/itsc) with NFSS spec.:
. <->"EBGaramond/I:mode=node;script=latn;language=DFLT;+hlig;+calt;+onum;+ss02,+
cv01,+dlig;+tlig;+ss02,+cv01,+ss05,+dlig;+swsh;+cv04;+cv05=2;+smcp;"
. - 'bold italic' (bx/it) with NFSS spec.:
. <->"EBGaramond/BI:mode=node;script=latn;language=DFLT;+hlig;+calt;+onum;+ss02,
+cv01,+dlig;+tlig;+ss02,+cv01,+ss05,+dlig;+swsh;"
. - 'bold italic small caps'  (bx/itsc) with NFSS spec.:
. <->"EBGaramond/BI:mode=node;script=latn;language=DFLT;+hlig;+calt;+onum;+ss02,
+cv01,+dlig;+tlig;+ss02,+cv01,+ss05,+dlig;+swsh;+smcp;"
.................................................
<D.png, id=2, 655.248pt x 666.49pt>
File: D.png Graphic file (type png)
<use D.png>
Package luatex.def Info: D.png  used on input line 18.
(luatex.def)             Requested size: 126.848pt x 129.02983pt.

Underfull \hbox (badness 5217) in paragraph at lines 18--30
[]\TU/EBGaramond(0)/m/n/12 au com
 []


Underfull \hbox (badness 10000) in paragraph at lines 18--30
\TU/EBGaramond(0)/m/n/12 mence -
 []


Underfull \hbox (badness 5533) in paragraph at lines 18--30
\TU/EBGaramond(0)/m/n/12 ment []le
 []


Underfull \hbox (badness 1102) in paragraph at lines 18--30
\TU/EBGaramond(0)/m/n/12 ciel & la
 []


Underfull \hbox (badness 1661) in paragraph at lines 18--30
\TU/EBGaramond(0)/m/n/12 2  Or la
 []


Underfull \hbox (badness 10000) in paragraph at lines 18--30
\TU/EBGaramond(0)/m/n/12 terre eſ-
 []


Underfull \hbox (badness 10000) in paragraph at lines 18--30
\TU/EBGaramond(0)/m/n/12 toit ſans
 []


Underfull \hbox (badness 10000) in paragraph at lines 51--52

 []


Underfull \hbox (badness 5862) in paragraph at lines 111--111
 \TU/EBGaramond(0)/m/n/6 I Ce pre-mier cha-
 []


Underfull \hbox (badness 10000) in paragraph at lines 111--111
\TU/EBGaramond(0)/m/n/6 pitre eſt fort diffi-
 []


Underfull \hbox (badness 4193) in paragraph at lines 111--111
\TU/EBGaramond(0)/m/n/6 cile : & pour cette
 []


Underfull \hbox (badness 10000) in paragraph at lines 111--111
\TU/EBGaramond(0)/m/n/6 cauſe, il eſ-toit de-
 []


Underfull \hbox (badness 10000) in paragraph at lines 111--111
\TU/EBGaramond(0)/m/n/6 fendu en-tre les He
 []


Underfull \hbox (badness 6842) in paragraph at lines 111--111
\TU/EBGaramond(0)/m/n/6 brieux de le lire &
 []


Underfull \hbox (badness 10000) in paragraph at lines 111--111
\TU/EBGaramond(0)/m/n/6 in-ter-preter de-vant
 []


Underfull \hbox (badness 10000) in paragraph at lines 111--111
\TU/EBGaramond(0)/m/n/6 l󰎈aage de trente
 []


Underfull \hbox (badness 10000) in paragraph at lines 111--111
 \TU/EBGaramond(0)/m/n/6 a Fit de rien, &
 []


Underfull \hbox (badness 10000) in paragraph at lines 111--111
 \TU/EBGaramond(0)/m/n/6 1 \TU/EBGaramond(0)/m/it/6 Iob \TU/EBGaramond(0)/m/n/6
 38.4, \TU/EBGaramond(0)/m/it/6 Pſeau.
 []


Underfull \hbox (badness 10000) in paragraph at lines 111--111
\TU/EBGaramond(0)/m/n/6 33.6, \TU/EBGaramond(0)/m/it/6 󰏄 \TU/EBGaramond(0)/m
/n/6 89.12.,
 []


Underfull \hbox (badness 10000) in paragraph at lines 111--111
\TU/EBGaramond(0)/m/n/6 135.5, \TU/EBGaramond(0)/m/it/6 Ec-cleſ-ti-aſti.
 []


Underfull \hbox (badness 10000) in paragraph at lines 111--111
\TU/EBGaramond(0)/m/n/6 13.1, \TU/EBGaramond(0)/m/it/6 Act. \TU/EBGaramond(0)/m
/n/6 14-15,
 []


Underfull \hbox (badness 10000) in paragraph at lines 111--111
\TU/EBGaramond(0)/m/n/6 & a󰁌ãt qu’il y eut
 []


Underfull \hbox (badness 10000) in paragraph at lines 111--111
\TU/EBGaramond(0)/m/n/6 au-cune crea-ture,
 []


Underfull \hbox (badness 10000) in paragraph at lines 111--111
 \TU/EBGaramond(0)/m/n/6 c Le ciel & la
 []


Underfull \hbox (badness 10000) in paragraph at lines 111--111
\TU/EBGaramond(0)/m/n/6 terre, les eaux, les
 []


Underfull \hbox (badness 10000) in paragraph at lines 111--111
\TU/EBGaramond(0)/m/n/6 abyſmes, ſe pren-
 []


Underfull \hbox (badness 10000) in paragraph at lines 111--111
\TU/EBGaramond(0)/m/n/6 nent ici pour vne
 []


Underfull \hbox (badness 6063) in paragraph at lines 111--111
\TU/EBGaramond(0)/m/n/6 meſme choſe : aſç.
 []


Underfull \hbox (badness 10000) in paragraph at lines 111--111
\TU/EBGaramond(0)/m/n/6 pour 󰁉ne matiere
 []


Underfull \hbox (badness 10000) in paragraph at lines 111--111
\TU/EBGaramond(0)/m/n/6 cõ-fuſe & ſans for-
 []


Underfull \hbox (badness 10000) in paragraph at lines 111--111
\TU/EBGaramond(0)/m/n/6 me, q̃ Dieu forma
 []


Underfull \hbox (badness 10000) in paragraph at lines 111--111
\TU/EBGaramond(0)/m/n/6 & agença apres
 []


Underfull \hbox (badness 10000) in paragraph at lines 111--111
 \TU/EBGaramond(0)/m/n/6 d Ou, ſe mou-
 []


Underfull \hbox (badness 4940) in paragraph at lines 111--111
\TU/EBGaramond(0)/m/n/6 voit. C󰎈eſt, ſouſte-
 []


Underfull \hbox (badness 10000) in paragraph at lines 111--111
\TU/EBGaramond(0)/m/n/6 noit et conſer-voit
 []


Underfull \hbox (badness 10000) in paragraph at lines 111--111
\TU/EBGaramond(0)/m/n/6 en ſon eſ-tre cette
 []


Underfull \hbox (badness 10000) in paragraph at lines 111--111
\TU/EBGaramond(0)/m/n/6 Car il eſt impoſſi-
 []


Underfull \hbox (badness 10000) in paragraph at lines 111--111
\TU/EBGaramond(0)/m/n/6 ble, q̃ au-cune cho-
 []


Underfull \hbox (badness 10000) in paragraph at lines 111--111
\TU/EBGaramond(0)/m/n/6 ſe apres a󰁌oir eſté
 []


Underfull \hbox (badness 10000) in paragraph at lines 111--111
\TU/EBGaramond(0)/m/n/6 faictes,puiſſe ſubſi-
 []


Underfull \hbox (badness 10000) in paragraph at lines 111--111
\TU/EBGaramond(0)/m/n/6 ſter 󰁉n ſeul mo-
 []


Underfull \hbox (badness 3503) in paragraph at lines 111--111
\TU/EBGaramond(0)/m/n/6 ment, ſi Dieu ne la
 []


Underfull \hbox (badness 10000) in paragraph at lines 111--111
\TU/EBGaramond(0)/m/n/6 ſouſtient & cõſer-
 []


Underfull \hbox (badness 10000) in paragraph at lines 111--111
\TU/EBGaramond(0)/m/n/6 ve par ſa vertu,
 []


Underfull \hbox (badness 10000) in paragraph at lines 111--111
 \TU/EBGaramond(0)/m/n/6 e Cette lu-miere
 []


Underfull \hbox (badness 10000) in paragraph at lines 111--111
\TU/EBGaramond(0)/m/n/6 n󰎈eſ-toit point en-
 []


Underfull \hbox (badness 10000) in paragraph at lines 111--111
\TU/EBGaramond(0)/m/n/6 core au ſoleil, car
 []


Underfull \hbox (badness 10000) in paragraph at lines 111--111
\TU/EBGaramond(0)/m/n/6 il n󰎈a󰁌oit pas eſté
 []


Underfull \hbox (badness 6961) in paragraph at lines 111--111
\TU/EBGaramond(0)/m/n/6 creé, mais eſ-toit en
 []


Underfull \hbox (badness 10000) in paragraph at lines 111--111
\TU/EBGaramond(0)/m/n/6 la main de Dieu,
 []


Underfull \hbox (badness 10000) in paragraph at lines 111--111
\TU/EBGaramond(0)/m/n/6 ayãt ſon or-dre ſuc-
 []


Underfull \hbox (badness 10000) in paragraph at lines 111--111
\TU/EBGaramond(0)/m/n/6 ceſ-ſif a󰁌ec les tene-
 []


Underfull \hbox (badness 10000) in paragraph at lines 111--111
\TU/EBGaramond(0)/m/n/6 bres, pour faire le
 []


Underfull \hbox (badness 10000) in paragraph at lines 111--111
\TU/EBGaramond(0)/m/n/6 iour & la nuict &
 []


Underfull \hbox (badness 10000) in paragraph at lines 111--111
\TU/EBGaramond(0)/m/n/6 ce iuſques au qua-
 []


Underfull \hbox (badness 10000) in paragraph at lines 111--111
\TU/EBGaramond(0)/m/n/6 trieme iour, que
 []


Underfull \hbox (badness 10000) in paragraph at lines 111--111
\TU/EBGaramond(0)/m/n/6 Dieu fit le ſoleil
 []


Underfull \hbox (badness 10000) in paragraph at lines 111--111
\TU/EBGaramond(0)/m/n/6 pour eſ-tre min-iſtre
 []


Underfull \hbox (badness 10000) in paragraph at lines 111--111
\TU/EBGaramond(0)/m/n/6 & diſ-pen-ſa-teur de
 []


Underfull \hbox (badness 10000) in paragraph at lines 111--111
\TU/EBGaramond(0)/m/n/6 cette lu-miere, a󰁌ec
 []


Underfull \vbox (badness 10000) has occurred while \output is active []


Underfull \hbox (badness 1648) in paragraph at lines 133--137
\TU/EBGaramond(0)/m/n/12 & ar-bre ſans fruict, lequel a󰌯oit ſa
 []


Underfull \hbox (badness 3179) in paragraph at lines 200--200
\TU/EBGaramond(0)/m/n/6 turel le ſoir apres le
 []


Underfull \hbox (badness 10000) in paragraph at lines 200--200
 \TU/EBGaramond(0)/m/n/6 g Ce mot d’Eſ-tẽ
 []


Underfull \hbox (badness 10000) in paragraph at lines 200--200
\TU/EBGaramond(0)/m/n/6 due, com-prẽd tout
 []


Underfull \hbox (badness 10000) in paragraph at lines 200--200
\TU/EBGaramond(0)/m/n/6 ce qui ſe voit par
 []


Underfull \hbox (badness 10000) in paragraph at lines 200--200
\TU/EBGaramond(0)/m/n/6 deſſus nous, tãt en
 []


Underfull \hbox (badness 10000) in paragraph at lines 200--200
\TU/EBGaramond(0)/m/n/6 la re-gion ce-leſte,
 []


Underfull \hbox (badness 1400) in paragraph at lines 200--200
 \TU/EBGaramond(0)/m/n/6 h Il eſt ici parlé de
 []


Underfull \hbox (badness 10000) in paragraph at lines 200--200
\TU/EBGaramond(0)/m/n/6 asça󰁌oir, celles q
 []


Underfull \hbox (badness 10000) in paragraph at lines 200--200
\TU/EBGaramond(0)/m/n/6 ſont ſous l󰎈eſ-ten-due,
 []


Underfull \hbox (badness 10000) in paragraph at lines 200--200
\TU/EBGaramond(0)/m/n/6 comme la mer, les
 []


Underfull \hbox (badness 1755) in paragraph at lines 200--200
\TU/EBGaramond(0)/m/n/6 fleu󰁌es, & autres qui
 []


Underfull \hbox (badness 10000) in paragraph at lines 200--200
\TU/EBGaramond(0)/m/n/6 les, qui ſont ſur
 []


Underfull \hbox (badness 10000) in paragraph at lines 200--200
\TU/EBGaramond(0)/m/n/6 l󰎈eſ-ten-due, comme
 []


Underfull \hbox (badness 10000) in paragraph at lines 200--200
\TU/EBGaramond(0)/m/n/6 ſont les nuees plei-
 []


Underfull \hbox (badness 10000) in paragraph at lines 200--200
\TU/EBGaramond(0)/m/n/6 nes d󰎈eau ça haut
 []


Underfull \hbox (badness 10000) in paragraph at lines 200--200
\TU/EBGaramond(0)/m/n/6 en l󰎈air par deſſus
 []


Underfull \hbox (badness 8132) in paragraph at lines 200--200
\TU/EBGaramond(0)/m/n/6 nous. Dieu a mis
 []


Underfull \hbox (badness 10000) in paragraph at lines 200--200
\TU/EBGaramond(0)/m/n/6 en-tre ces deux for
 []


Underfull \hbox (badness 10000) in paragraph at lines 200--200
\TU/EBGaramond(0)/m/n/6 ces d󰎈eaux 󰁉ne grã
 []


Underfull \hbox (badness 10000) in paragraph at lines 200--200
\TU/EBGaramond(0)/m/n/6 de eſ-ten-due, qu󰎈on
 []


Underfull \hbox (badness 5592) in paragraph at lines 200--200
\TU/EBGaramond(0)/m/n/6 ap-pelle le ciel : de
 []


Underfull \hbox (badness 6032) in paragraph at lines 200--200
\TU/EBGaramond(0)/m/n/6 là nous ap-pelons les
 []


Underfull \hbox (badness 4673) in paragraph at lines 200--200
 \TU/EBGaramond(0)/m/n/6 i Ceci ap-par-tiẽt au
 []


Underfull \hbox (badness 10000) in paragraph at lines 200--200
\TU/EBGaramond(0)/m/n/6 ſecõd iour, auquel
 []


Underfull \hbox (badness 10000) in paragraph at lines 200--200
\TU/EBGaramond(0)/m/n/6 Dieu ſep-ara, & fit
 []


Underfull \hbox (badness 7814) in paragraph at lines 200--200
\TU/EBGaramond(0)/m/n/6 ap-paroir la terre du
 []


Underfull \hbox (badness 10000) in paragraph at lines 200--200
 \TU/EBGaramond(0)/m/n/6 k Il in-ſtitue 󰁉n
 []


Underfull \hbox (badness 10000) in paragraph at lines 200--200
\TU/EBGaramond(0)/m/n/6 nou-vel or-dre en
 []


Underfull \hbox (badness 1122) in paragraph at lines 200--200
\TU/EBGaramond(0)/m/n/6 na-ture, quand il faut
 []


Underfull \hbox (badness 6364) in paragraph at lines 200--200
\TU/EBGaramond(0)/m/n/6 & or-donne le ſoleil
 []


Underfull \hbox (badness 10000) in paragraph at lines 200--200
\TU/EBGaramond(0)/m/n/6 diſ-tribu-teur de cette
 []


Underfull \hbox (badness 10000) in paragraph at lines 200--200
\TU/EBGaramond(0)/m/n/6 lu-miere qu’il a󰁌oit
 []


Underfull \hbox (badness 10000) in paragraph at lines 200--200
\TU/EBGaramond(0)/m/n/6 creée a󰁌ant lui, &
 []


Underfull \hbox (badness 10000) in paragraph at lines 200--200
 \TU/EBGaramond(0)/m/n/6 l C󰎈eſt pour ſi-
 []


Underfull \hbox (badness 10000) in paragraph at lines 200--200
\TU/EBGaramond(0)/m/n/6 gni-fier di-verſes di-
 []


Underfull \hbox (badness 10000) in paragraph at lines 200--200
\TU/EBGaramond(0)/m/n/6 ſpo-ſi-tions que les
 []


Underfull \hbox (badness 10000) in paragraph at lines 200--200
\TU/EBGaramond(0)/m/n/6 corps ĩferieurs ſe-
 []


Underfull \hbox (badness 10000) in paragraph at lines 200--200
\TU/EBGaramond(0)/m/n/6 lon l󰎈or-dre de na-
 []


Underfull \hbox (badness 10000) in paragraph at lines 200--200
\TU/EBGaramond(0)/m/n/6 ture ont des corps
 []


Underfull \hbox (badness 10000) in paragraph at lines 200--200
\TU/EBGaramond(0)/m/n/6 ce-leſtes, cõme cau
 []


Underfull \hbox (badness 10000) in paragraph at lines 200--200
\TU/EBGaramond(0)/m/n/6 ſes ſecõdes or-don
 []


Underfull \hbox (badness 10000) in paragraph at lines 200--200
\TU/EBGaramond(0)/m/n/6 nees de Dieu à ce-
 []


Underfull \hbox (badness 10000) in paragraph at lines 200--200
\TU/EBGaramond(0)/m/n/6 là. En quoy tou-
 []


Underfull \hbox (badness 10000) in paragraph at lines 200--200
\TU/EBGaramond(0)/m/n/6 teſ-fois faut fuir cu-
 []


Underfull \hbox (badness 10000) in paragraph at lines 200--200
\TU/EBGaramond(0)/m/n/6 rioſité & ſuperſti-
 []


Underfull \hbox (badness 10000) in paragraph at lines 200--200
\TU/EBGaramond(0)/m/n/6 tion q̃ les hõmes
 []


Underfull \hbox (badness 10000) in paragraph at lines 200--200
\TU/EBGaramond(0)/m/n/6 ont cõtrou-vee ſur
 []


Underfull \vbox (badness 10000) has occurred while \output is active []

LaTeX Font Info:    Font shape `TU/EBGaramond(0)/m/sl' in size <12> not availabl
e
(Font)              Font shape `TU/EBGaramond(0)/m/it' tried instead on input li
ne 204.
 [1{/var/lib/texmf/fonts/map/pdftex/updmap/pdftex.map}





<./images/genese_heading.pdf><./D.png>]
Underfull \hbox (badness 1668) in paragraph at lines 242--246
\TU/EBGaramond(0)/m/n/12 󰐑󰐅ez, & mul-ti-pliez, & rem-pliſ-ſez les
 []


Underfull \hbox (badness 10000) in paragraph at lines 394--394
 \TU/EBGaramond(0)/m/n/6 m Ce mot deno-
 []


Underfull \hbox (badness 10000) in paragraph at lines 394--394
\TU/EBGaramond(0)/m/n/6 te la diſ-tinc-tiõ &
 []


Underfull \hbox (badness 10000) in paragraph at lines 394--394
\TU/EBGaramond(0)/m/n/6 di-ver-ſité des tẽps
 []


Underfull \hbox (badness 10000) in paragraph at lines 394--394
\TU/EBGaramond(0)/m/n/6 or-dõnés pour l󰎈u-
 []


Underfull \hbox (badness 10000) in paragraph at lines 394--394
\TU/EBGaramond(0)/m/n/6 ſage des hommes:
 []


Underfull \hbox (badness 10000) in paragraph at lines 394--394
\TU/EBGaramond(0)/m/n/6 ſoit pour le re-
 []


Underfull \hbox (badness 10000) in paragraph at lines 394--394
\TU/EBGaramond(0)/m/n/6 gard de la re-ligiõ,
 []


Underfull \hbox (badness 10000) in paragraph at lines 394--394
\TU/EBGaramond(0)/m/n/6 comme on voit à
 []


Underfull \hbox (badness 10000) in paragraph at lines 394--394
\TU/EBGaramond(0)/m/n/6 l󰎈or-don-nance des
 []


Underfull \hbox (badness 10000) in paragraph at lines 394--394
\TU/EBGaramond(0)/m/n/6 ſolen-nités de Paſ-
 []


Underfull \hbox (badness 10000) in paragraph at lines 394--394
\TU/EBGaramond(0)/m/n/6 ques, Pen-te-coſte,
 []


Underfull \hbox (badness 10000) in paragraph at lines 394--394
\TU/EBGaramond(0)/m/n/6 Taber-na-cles, Nou
 []


Underfull \hbox (badness 10000) in paragraph at lines 394--394
\TU/EBGaramond(0)/m/n/6 velles lunes , ou
 []


Underfull \hbox (badness 10000) in paragraph at lines 394--394
\TU/EBGaramond(0)/m/n/6 pour le re-gard de
 []


Underfull \hbox (badness 10000) in paragraph at lines 394--394
\TU/EBGaramond(0)/m/n/6 la po-lice, tant au
 []


Underfull \hbox (badness 10000) in paragraph at lines 394--394
\TU/EBGaramond(0)/m/n/6 pub-lic qu󰎈au par-
 []


Underfull \hbox (badness 10000) in paragraph at lines 394--394
 \TU/EBGaramond(0)/m/n/6 n Qui ſont de-pẽ
 []


Underfull \hbox (badness 10000) in paragraph at lines 394--394
\TU/EBGaramond(0)/m/n/6 dans du mou󰁌e-
 []


Underfull \hbox (badness 2990) in paragraph at lines 394--394
\TU/EBGaramond(0)/m/n/6 ment du ſoleil. Or
 []


Underfull \hbox (badness 10000) in paragraph at lines 394--394
\TU/EBGaramond(0)/m/n/6 le S.Eſ-prit ne de-
 []


Underfull \hbox (badness 10000) in paragraph at lines 394--394
\TU/EBGaramond(0)/m/n/6 claire point les
 []


Underfull \hbox (badness 10000) in paragraph at lines 394--394
\TU/EBGaramond(0)/m/n/6 ſe-crets de na-ture q̃
 []


Underfull \hbox (badness 10000) in paragraph at lines 394--394
\TU/EBGaramond(0)/m/n/6 l󰎈aſ-trolo-gie enſei-
 []


Underfull \hbox (badness 10000) in paragraph at lines 394--394
\TU/EBGaramond(0)/m/n/6 gne: ains ſeule-mẽt
 []


Underfull \hbox (badness 10000) in paragraph at lines 394--394
\TU/EBGaramond(0)/m/n/6 pro-poſe ce qui eſt
 []


Underfull \hbox (badness 10000) in paragraph at lines 394--394
\TU/EBGaramond(0)/m/n/6 de-vant nos yeux,
 []


Underfull \hbox (badness 10000) in paragraph at lines 394--394
\TU/EBGaramond(0)/m/n/6 cõme doc-trine ge
 []


Underfull \hbox (badness 10000) in paragraph at lines 394--394
\TU/EBGaramond(0)/m/n/6 nerale pour tous.
 []


Underfull \hbox (badness 10000) in paragraph at lines 394--394
\TU/EBGaramond(0)/m/n/6 Car celui eſt le
 []


Underfull \hbox (badness 10000) in paragraph at lines 394--394
\TU/EBGaramond(0)/m/n/6 vray li󰁌re,où meſ-
 []


Underfull \hbox (badness 10000) in paragraph at lines 394--394
\TU/EBGaramond(0)/m/n/6 meſles plus id-iots
 []


Underfull \hbox (badness 10000) in paragraph at lines 394--394
\TU/EBGaramond(0)/m/n/6 peu-vent ap-prẽ-dre
 []


Underfull \hbox (badness 10000) in paragraph at lines 394--394
 \TU/EBGaramond(0)/m/n/6 o Cõme inſtru-
 []


Underfull \hbox (badness 10000) in paragraph at lines 394--394
\TU/EBGaramond(0)/m/n/6 mens or-don-nés à
 []


Underfull \hbox (badness 10000) in paragraph at lines 394--394
\TU/EBGaramond(0)/m/n/6 celà pour ſer󰁌ir à
 []


Underfull \hbox (badness 10000) in paragraph at lines 394--394
 \TU/EBGaramond(0)/m/n/6 p C󰎈eſt, beſte qui
 []


Underfull \hbox (badness 10000) in paragraph at lines 394--394
 \TU/EBGaramond(0)/m/n/6 q La matiere de
 []


Underfull \hbox (badness 10000) in paragraph at lines 394--394
\TU/EBGaramond(0)/m/n/6 ces poiſ-ſons fut
 []


Underfull \hbox (badness 10000) in paragraph at lines 394--394
\TU/EBGaramond(0)/m/n/6 creée dés le com-
 []


Underfull \hbox (badness 10000) in paragraph at lines 394--394
\TU/EBGaramond(0)/m/n/6 mence-ment, mais
 []


Underfull \hbox (badness 10000) in paragraph at lines 394--394
\TU/EBGaramond(0)/m/n/6 ils furent for-més à
 []


Underfull \hbox (badness 10000) in paragraph at lines 394--394
\TU/EBGaramond(0)/m/n/6 ce cin-quieme iour:
 []


Underfull \hbox (badness 10000) in paragraph at lines 394--394
\TU/EBGaramond(0)/m/n/6 c󰎈eſt la cauſe dont
 []


Underfull \hbox (badness 10000) in paragraph at lines 394--394
 \TU/EBGaramond(0)/m/n/6 r C󰎈eſt, leur dõ-
 []


Underfull \hbox (badness 10000) in paragraph at lines 394--394
\TU/EBGaramond(0)/m/n/6 na vertu d󰎈engen-
 []


Underfull \hbox (badness 6461) in paragraph at lines 394--394
\TU/EBGaramond(0)/m/n/6 ſtré apres où il dit,
 []


Underfull \hbox (badness 4229) in paragraph at lines 394--394
\TU/EBGaramond(0)/m/n/6 Fruc-ti-fiez, &c. leſ-
 []


Underfull \hbox (badness 10000) in paragraph at lines 394--394
\TU/EBGaramond(0)/m/n/6 quelles paroles em
 []


Underfull \hbox (badness 10000) in paragraph at lines 394--394
\TU/EBGaramond(0)/m/n/6 por-tent cõmande-
 []


Underfull \hbox (badness 10000) in paragraph at lines 394--394
\TU/EBGaramond(0)/m/n/6 ment que Dieu par
 []


Underfull \hbox (badness 10000) in paragraph at lines 394--394
\TU/EBGaramond(0)/m/n/6 ſa pa-role a impri-
 []


Underfull \hbox (badness 10000) in paragraph at lines 394--394
\TU/EBGaramond(0)/m/n/6 mé à ſes crea-tures,
 []


Underfull \hbox (badness 10000) in paragraph at lines 394--394
\TU/EBGaramond(0)/m/n/6 dont elles ont ver
 []


Underfull \hbox (badness 10000) in paragraph at lines 394--394
\TU/EBGaramond(0)/m/n/6 tu per-manẽte iuſ-
 []


Underfull \hbox (badness 10000) in paragraph at lines 394--394
\TU/EBGaramond(0)/m/n/6 ques en la fin du
 []


Underfull \hbox (badness 5475) in paragraph at lines 394--394
 \TU/EBGaramond(0)/m/n/6 s Il a dict ci deſ-
 []


Underfull \hbox (badness 10000) in paragraph at lines 394--394
\TU/EBGaramond(0)/m/n/6 ſus, 󰁏ue les eaux
 []


Underfull \hbox (badness 5388) in paragraph at lines 394--394
\TU/EBGaramond(0)/m/n/6 pro-duiſent. 󰁏ue la
 []


Underfull \hbox (badness 10000) in paragraph at lines 394--394
\TU/EBGaramond(0)/m/n/6 terre pro-duiſe,&c.
 []


Underfull \hbox (badness 10000) in paragraph at lines 394--394
\TU/EBGaramond(0)/m/n/6 Main-tenant il dit,
 []


Underfull \hbox (badness 10000) in paragraph at lines 394--394
\TU/EBGaramond(0)/m/n/6 Faiſons. En quoy
 []


Underfull \hbox (badness 10000) in paragraph at lines 394--394
\TU/EBGaramond(0)/m/n/6 nous faut en-tẽ-dre
 []


Underfull \hbox (badness 10000) in paragraph at lines 394--394
\TU/EBGaramond(0)/m/n/6 󰁉ne nou-velle ma-
 []


Underfull \hbox (badness 10000) in paragraph at lines 394--394
\TU/EBGaramond(0)/m/n/6 niere de pro-ceder.
 []


Underfull \hbox (badness 10000) in paragraph at lines 394--394
\TU/EBGaramond(0)/m/n/6 Comme ſi Dieu
 []


Underfull \hbox (badness 10000) in paragraph at lines 394--394
\TU/EBGaramond(0)/m/n/6 en-trant en con-ſeil
 []


Underfull \hbox (badness 10000) in paragraph at lines 394--394
\TU/EBGaramond(0)/m/n/6 & de-lib-er-a-tion, a-
 []


Underfull \hbox (badness 10000) in paragraph at lines 394--394
\TU/EBGaramond(0)/m/n/6 vec ſa ſageſſe &
 []


Underfull \hbox (badness 10000) in paragraph at lines 394--394
\TU/EBGaramond(0)/m/n/6 vertu, pro-poſoit de
 []


Underfull \hbox (badness 10000) in paragraph at lines 394--394
\TU/EBGaramond(0)/m/n/6 faire 󰁉n chef d󰎈œu
 []


Underfull \hbox (badness 10000) in paragraph at lines 394--394
 \TU/EBGaramond(0)/m/n/6 t Ce mot d’hõ-
 []


Underfull \hbox (badness 10000) in paragraph at lines 394--394
\TU/EBGaramond(0)/m/n/6 me de-note qu’il
 []


Underfull \hbox (badness 10000) in paragraph at lines 394--394
\TU/EBGaramond(0)/m/n/6 ne parle de l󰎈ame
 []


Underfull \hbox (badness 10000) in paragraph at lines 394--394
\TU/EBGaramond(0)/m/n/6 ſeule-ment : car
 []


Underfull \hbox (badness 10000) in paragraph at lines 394--394
\TU/EBGaramond(0)/m/n/6 l’hõme en-tier en
 []


Underfull \hbox (badness 10000) in paragraph at lines 394--394
\TU/EBGaramond(0)/m/n/6 ſa per-fec-tion re-
 []


Underfull \hbox (badness 10000) in paragraph at lines 394--394
\TU/EBGaramond(0)/m/n/6 pre-ſen-toit l󰎈excel-
 []


Underfull \hbox (badness 4060) in paragraph at lines 394--394
 \TU/EBGaramond(0)/m/n/6 7 \TU/EBGaramond(0)/m/it/6 Sap. \TU/EBGaramond(0)/m/n/
6 2.23. \TU/EBGaramond(0)/m/it/6 Eccl-
 []


Underfull \hbox (badness 10000) in paragraph at lines 394--394
 \TU/EBGaramond(0)/m/n/6 8 \TU/EBGaramond(0)/m/it/6 Ec-cle-ſi-aſt. \TU/EBGara
mond(0)/m/n/6 17.5.
 []


Underfull \hbox (badness 10000) in paragraph at lines 394--394
 \TU/EBGaramond(0)/m/n/6 󰁉 Cette im-age &
 []


Underfull \hbox (badness 10000) in paragraph at lines 394--394
\TU/EBGaramond(0)/m/n/6 ſem-blãce de Dieu
 []


Underfull \hbox (badness 10000) in paragraph at lines 394--394
\TU/EBGaramond(0)/m/n/6 en l’hõme eſt mõ
 []


Underfull \hbox (badness 10000) in paragraph at lines 394--394
\TU/EBGaramond(0)/m/n/6 ſtree par S. Paul,
 []


Underfull \hbox (badness 4168) in paragraph at lines 394--394
\TU/EBGaramond(0)/m/it/6 Ephes. \TU/EBGaramond(0)/m/n/6 4. quand il
 []


Underfull \hbox (badness 10000) in paragraph at lines 394--394
\TU/EBGaramond(0)/m/n/6 dit que l’hõme eſt
 []


Underfull \hbox (badness 10000) in paragraph at lines 394--394
\TU/EBGaramond(0)/m/n/6 creé en vraye ſain
 []


Underfull \hbox (badness 10000) in paragraph at lines 394--394
\TU/EBGaramond(0)/m/n/6 cteté & iuſ-tice,cõ-
 []


Underfull \hbox (badness 10000) in paragraph at lines 394--394
\TU/EBGaramond(0)/m/n/6 prenant par ces
 []


Underfull \hbox (badness 10000) in paragraph at lines 394--394
\TU/EBGaramond(0)/m/n/6 deux mots toute
 []


Underfull \hbox (badness 10000) in paragraph at lines 394--394
\TU/EBGaramond(0)/m/n/6 la per-fec-tion de la
 []


Underfull \hbox (badness 10000) in paragraph at lines 394--394
\TU/EBGaramond(0)/m/n/6 na-ture d’icelui:c󰎈eſt
 []


Underfull \hbox (badness 10000) in paragraph at lines 394--394
\TU/EBGaramond(0)/m/n/6 aſça󰁌oir, 󰁉ne lu-
 []

) (./livres/genese/chapitre2.tex
Underfull \hbox (badness 10000) in paragraph at lines 173--173
[]\TU/EBGaramond(0)/m/n/6 tel-li-gence, à laquel
 []


Underfull \hbox (badness 10000) in paragraph at lines 173--173
\TU/EBGaramond(0)/m/n/6 le tous les ſens &
 []


Underfull \hbox (badness 10000) in paragraph at lines 173--173
\TU/EBGaramond(0)/m/n/6 a̲f-fec-tiõs du cœur
 []


Underfull \hbox (badness 10000) in paragraph at lines 173--173
\TU/EBGaramond(0)/m/n/6 e̲ſ-toyent confor-
 []


Underfull \hbox (badness 10000) in paragraph at lines 173--173
\TU/EBGaramond(0)/m/n/6 mees pour obeïr
 []


Underfull \hbox (badness 10000) in paragraph at lines 173--173
 \TU/EBGaramond(0)/m/n/6 x Ceſte repeti-tiõ
 []


Underfull \hbox (badness 10000) in paragraph at lines 173--173
\TU/EBGaramond(0)/m/n/6 nous in-duit à biẽ
 []


Underfull \hbox (badness 10000) in paragraph at lines 173--173
\TU/EBGaramond(0)/m/n/6 peſer ceſte im-age
 []


Underfull \hbox (badness 10000) in paragraph at lines 173--173
\TU/EBGaramond(0)/m/n/6 de Dieu en l’hom
 []


Underfull \hbox (badness 10000) in paragraph at lines 173--173
 \TU/EBGaramond(0)/m/n/6 y C󰎈eſt l󰎈or-dre q̃
 []


Underfull \hbox (badness 10000) in paragraph at lines 173--173
\TU/EBGaramond(0)/m/n/6 Dieu veut eſ-tre te-
 []


Underfull \hbox (badness 10000) in paragraph at lines 173--173
\TU/EBGaramond(0)/m/n/6 nu en la multipli-
 []


Underfull \hbox (badness 10000) in paragraph at lines 173--173
\TU/EBGaramond(0)/m/n/6 cation du gẽre hu-
 []


Underfull \hbox (badness 1960) in paragraph at lines 173--173
\TU/EBGaramond(0)/m/n/6 main: aſç. par con
 []


Underfull \hbox (badness 10000) in paragraph at lines 173--173
\TU/EBGaramond(0)/m/n/6 ionc-tion de legiti-
 []


Underfull \hbox (badness 10000) in paragraph at lines 173--173
\TU/EBGaramond(0)/m/n/6 me mariage, & nõ
 []


Underfull \hbox (badness 10000) in paragraph at lines 173--173
\TU/EBGaramond(0)/m/n/6 par mix-tion bru-
 []


Underfull \hbox (badness 10000) in paragraph at lines 173--173
 \TU/EBGaramond(0)/m/n/6 z La ſeigneurie
 []


Underfull \hbox (badness 10000) in paragraph at lines 173--173
\TU/EBGaramond(0)/m/n/6 a eſté don-nee en
 []


Underfull \hbox (badness 8094) in paragraph at lines 173--173
\TU/EBGaramond(0)/m/n/6 la na-ture en-tiere &
 []


Underfull \hbox (badness 10000) in paragraph at lines 173--173
\TU/EBGaramond(0)/m/n/6 par-faicte, laque-lle
 []


Underfull \hbox (badness 10000) in paragraph at lines 173--173
\TU/EBGaramond(0)/m/n/6 eſt per-due par la
 []


Underfull \hbox (badness 10000) in paragraph at lines 173--173
\TU/EBGaramond(0)/m/n/6 cheute : touteſ-fois
 []


Underfull \hbox (badness 10000) in paragraph at lines 173--173
\TU/EBGaramond(0)/m/n/6 elle eſt re-cou-vree
 []


Underfull \hbox (badness 7504) in paragraph at lines 173--173
\TU/EBGaramond(0)/m/n/6 par Chriſt, par leq̃l
 []


Underfull \hbox (badness 10000) in paragraph at lines 173--173
\TU/EBGaramond(0)/m/n/6 noſ-tre na-ture eſt
 []


Underfull \hbox (badness 10000) in paragraph at lines 173--173
\TU/EBGaramond(0)/m/n/6 re-formee & reſti-
 []


Underfull \hbox (badness 10000) in paragraph at lines 173--173
\TU/EBGaramond(0)/m/n/6 tuee en ſon inte-
 []


Underfull \hbox (badness 10000) in paragraph at lines 173--173
 \TU/EBGaramond(0)/m/n/6 10 \TU/EBGaramond(0)/m/it/6 Ec-cleſi. \TU/EBGaramond(
0)/m/n/6 39.21
 []


Underfull \hbox (badness 10000) in paragraph at lines 173--173
 \TU/EBGaramond(0)/m/n/6 aa 󰁐n meſme
 []


Underfull \hbox (badness 10000) in paragraph at lines 173--173
\TU/EBGaramond(0)/m/n/6 pro-pos eſt repeté
 []


Underfull \hbox (badness 10000) in paragraph at lines 173--173
\TU/EBGaramond(0)/m/n/6 par ſix fois, pour
 []


Underfull \hbox (badness 10000) in paragraph at lines 173--173
\TU/EBGaramond(0)/m/n/6 nous mõſtrer quel
 []


Underfull \hbox (badness 10000) in paragraph at lines 173--173
\TU/EBGaramond(0)/m/n/6 ſoin nous de-vons
 []


Underfull \hbox (badness 10000) in paragraph at lines 173--173
\TU/EBGaramond(0)/m/n/6 a󰁌oir d󰎈ap-prou-ver
 []


Underfull \hbox (badness 10000) in paragraph at lines 173--173
\TU/EBGaramond(0)/m/n/6 & mag-ni-fier les
 []


Underfull \hbox (badness 10000) in paragraph at lines 173--173
 \TU/EBGaramond(0)/m/n/6 a Dieu n󰎈a point
 []


Underfull \hbox (badness 6961) in paragraph at lines 173--173
\TU/EBGaramond(0)/m/n/6 fait le mõde en 󰁉n
 []


Underfull \hbox (badness 10000) in paragraph at lines 173--173
\TU/EBGaramond(0)/m/n/6 mo-ment, mais l󰎈a
 []


Underfull \hbox (badness 10000) in paragraph at lines 173--173
\TU/EBGaramond(0)/m/n/6 voulu faire en ſix
 []


Underfull \hbox (badness 10000) in paragraph at lines 173--173
\TU/EBGaramond(0)/m/n/6 iours, pour ac-com
 []


Underfull \hbox (badness 10000) in paragraph at lines 173--173
\TU/EBGaramond(0)/m/n/6 moder ſes œu-vres
 []


Underfull \hbox (badness 10000) in paragraph at lines 173--173
\TU/EBGaramond(0)/m/n/6 à noſ-tre ca-pac-ité,
 []


Underfull \hbox (badness 10000) in paragraph at lines 173--173
\TU/EBGaramond(0)/m/n/6 & nos in-duire par
 []


Underfull \hbox (badness 10000) in paragraph at lines 173--173
\TU/EBGaramond(0)/m/n/6 ce moyen à nous
 []


Underfull \hbox (badness 10000) in paragraph at lines 173--173
\TU/EBGaramond(0)/m/n/6 ar-reſter à la conſi-
 []


Underfull \hbox (badness 10000) in paragraph at lines 173--173
\TU/EBGaramond(0)/m/n/6 de-r-a-tion d’icelles,
 []


Underfull \hbox (badness 10000) in paragraph at lines 173--173
\TU/EBGaramond(0)/m/n/6 & non point les
 []


Underfull \hbox (badness 10000) in paragraph at lines 173--173
 \TU/EBGaramond(0)/m/n/6 17 \TU/EBGaramond(0)/m/it/6 Deut. \TU/EBGaramond(0)/m/
n/6 5.14.
 []


Underfull \hbox (badness 10000) in paragraph at lines 173--173
 \TU/EBGaramond(0)/m/n/6 b Il ceſſa de tou
 []


Underfull \hbox (badness 10000) in paragraph at lines 173--173
\TU/EBGaramond(0)/m/n/6 te œu-vre, pour ce
 []


Underfull \hbox (badness 10000) in paragraph at lines 173--173
\TU/EBGaramond(0)/m/n/6 qu’il ne crea plus
 []


Underfull \hbox (badness 10000) in paragraph at lines 173--173
\TU/EBGaramond(0)/m/n/6 de nou-velle eſpe-
 []


Underfull \hbox (badness 5970) in paragraph at lines 173--173
\TU/EBGaramond(0)/m/n/6 ce: autremẽt il be-
 []


Underfull \hbox (badness 10000) in paragraph at lines 173--173
\TU/EBGaramond(0)/m/n/6 ſongne tou-ſiours
 []


Underfull \hbox (badness 10000) in paragraph at lines 173--173
\TU/EBGaramond(0)/m/n/6 dés le commence-
 []


Underfull \hbox (badness 10000) in paragraph at lines 173--173
\TU/EBGaramond(0)/m/n/6 ment, ſouſtenãt &
 []


Underfull \hbox (badness 10000) in paragraph at lines 173--173
\TU/EBGaramond(0)/m/n/6 gou-vernãt le mon
 []


Underfull \hbox (badness 10000) in paragraph at lines 173--173
\TU/EBGaramond(0)/m/n/6 de par ſa pro󰁌idẽ-
 []


Underfull \hbox (badness 10000) in paragraph at lines 173--173
 \TU/EBGaramond(0)/m/n/6 c Cette benedi-
 []


Underfull \hbox (badness 7291) in paragraph at lines 173--173
\TU/EBGaramond(0)/m/n/6 ction n󰎈eſt ſinõ 󰁉ne
 []


Underfull \hbox (badness 10000) in paragraph at lines 173--173
\TU/EBGaramond(0)/m/n/6 cõſe-cra-tion ſolen-
 []


Underfull \hbox (badness 10000) in paragraph at lines 173--173
\TU/EBGaramond(0)/m/n/6 nelle, par laque-lle
 []


Underfull \hbox (badness 10000) in paragraph at lines 173--173
\TU/EBGaramond(0)/m/n/6 Dieu ſe re-ſer󰁌e ſpe
 []


Underfull \hbox (badness 10000) in paragraph at lines 173--173
\TU/EBGaramond(0)/m/n/6 ciale-mẽt toutes les
 []


Underfull \hbox (badness 10000) in paragraph at lines 173--173
\TU/EBGaramond(0)/m/n/6 ocu-u-patiõs des hõ
 []


Underfull \hbox (badness 10000) in paragraph at lines 173--173
\TU/EBGaramond(0)/m/n/6 mes pour ce iour
 []


Underfull \hbox (badness 4467) in paragraph at lines 173--173
\TU/EBGaramond(0)/m/n/6 là, à fin de magni-
 []


Underfull \hbox (badness 10000) in paragraph at lines 173--173
\TU/EBGaramond(0)/m/n/6 fier & cele-brer l󰎈ex
 []


Underfull \hbox (badness 10000) in paragraph at lines 173--173
\TU/EBGaramond(0)/m/n/6 cellẽce de ſes œu-
 []


Underfull \hbox (badness 2980) in paragraph at lines 173--173
\TU/EBGaramond(0)/m/n/6 vres. Pour ce il l󰎈a
 []


Underfull \hbox (badness 10000) in paragraph at lines 173--173
\TU/EBGaramond(0)/m/n/6 ſep-aré des autres,
 []


Underfull \hbox (badness 5533) in paragraph at lines 173--173
\TU/EBGaramond(0)/m/n/6 dont eſt dict, Et le
 []


Underfull \hbox (badness 10000) in paragraph at lines 173--173
 \TU/EBGaramond(0)/m/n/6 d C󰎈eſt pour en-
 []


Underfull \hbox (badness 10000) in paragraph at lines 173--173
\TU/EBGaramond(0)/m/n/6 ten-dre q̃ la pluye
 []


Underfull \hbox (badness 10000) in paragraph at lines 173--173
\TU/EBGaramond(0)/m/n/6 & la ſecher-eſſe eſt
 []


Underfull \hbox (badness 10000) in paragraph at lines 173--173
\TU/EBGaramond(0)/m/n/6 en la main de
 []


Underfull \hbox (badness 10000) in paragraph at lines 173--173
\TU/EBGaramond(0)/m/n/6 Dieu pour l󰎈en-
 []


Underfull \hbox (badness 10000) in paragraph at lines 173--173
\TU/EBGaramond(0)/m/n/6 voyer quand il lui
 []


Underfull \hbox (badness 10000) in paragraph at lines 173--173
 \TU/EBGaramond(0)/m/n/6 e On voit ici
 []


Underfull \hbox (badness 10000) in paragraph at lines 173--173
\TU/EBGaramond(0)/m/n/6 quelle matiere l’hõ
 []


Underfull \hbox (badness 10000) in paragraph at lines 173--173
\TU/EBGaramond(0)/m/n/6 me a de ſe glori-
 []


Underfull \hbox (badness 10000) in paragraph at lines 173--173
\TU/EBGaramond(0)/m/n/6 fier, veu qu’il eſt
 []


Underfull \hbox (badness 10000) in paragraph at lines 173--173
\TU/EBGaramond(0)/m/n/6 faict de poudre &
 []


Underfull \hbox (badness 10000) in paragraph at lines 173--173
 \TU/EBGaramond(0)/m/n/6 f C󰎈eſt, 󰁏ue
 []


Underfull \hbox (badness 10000) in paragraph at lines 173--173
\TU/EBGaramond(0)/m/n/6 Dieu a donné vi-
 []


Underfull \hbox (badness 10000) in paragraph at lines 173--173
\TU/EBGaramond(0)/m/n/6 gueur à ceſte fan-
 []


Underfull \hbox (badness 10000) in paragraph at lines 173--173
\TU/EBGaramond(0)/m/n/6 ge qu’il a formee
 []


Underfull \hbox (badness 10000) in paragraph at lines 173--173
\TU/EBGaramond(0)/m/n/6 pour eſ-tre en ame
 []


Underfull \hbox (badness 10000) in paragraph at lines 173--173
\TU/EBGaramond(0)/m/n/6 vi-vante, c󰎈eſt à di-
 []


Underfull \hbox (badness 10000) in paragraph at lines 173--173
\TU/EBGaramond(0)/m/n/6 re, pour vi󰁌re cor-
 []

))
LaTeX Font Info:    Font shape `TU/EBGaramond(0)/m/sl' in size <17.28> not avail
able
(Font)              Font shape `TU/EBGaramond(0)/m/it' tried instead on input li
ne 164.

Overfull \vbox (2.79985pt too high) has occurred while \output is active []


[2
Missing character: There is no ̲ (U+0332) in font EBGaramond:mode=node;script=l
atn;language=DFLT;+hlig;+calt;+onum;+ss02,+cv01,+dlig;+tlig;+ss02,+cv01,+ss05,+d
lig;!
Missing character: There is no ̲ (U+0332) in font EBGaramond:mode=node;script=l
atn;language=DFLT;+hlig;+calt;+onum;+ss02,+cv01,+dlig;+tlig;+ss02,+cv01,+ss05,+d
lig;!
] (./geneve_1564.aux))

Here is how much of LuaTeX's memory you used:
 16736 strings out of 494480
 100000,662416 words of node,token memory allocated
 26226 words of node memory still in use:
   174 hlist, 5 vlist, 1 rule, 1 mark, 124 disc, 24 local_par, 839 glue, 15 kern
, 196 penalty, 2644 glyph, 61 attribute, 77 glue_spec, 61 attribute_list, 1 writ
e nodes
   avail lists: 1:5,2:491,3:404,4:36,5:167,6:6629,7:2096,8:38,9:483,10:21,11:309

 20188 multiletter control sequences out of 65536+600000
 67 fonts using 16830551 bytes
 52i,10n,95p,8845b,403s stack positions out of 5000i,500n,10000p,200000b,100000s
</usr/share/fonts/opentype/ebgaramond/EBGaramond-Initials.otf></usr/share/fonts/
opentype/ebgaramond/EBGaramond08-Regular.otf></usr/share/fonts/opentype/ebgaramo
nd/EBGaramond08-Italic.otf></usr/share/texlive/texmf-dist/fonts/opentype/public/
ebgaramond/EBGaramond12-Regular.otf>
Output written on geneve_1564.pdf (2 pages, 615283 bytes).

PDF statistics: 57 PDF objects out of 1000 (max. 8388607)
 33 compressed objects within 1 object stream
 0 named destinations out of 1000 (max. 131072)
 1 words of extra memory for PDF output out of 10000 (max. 100000000)

